SignalR.Transports.TransportHeartBeat Information: 0 : Connection 65a8ce14-745c-431a-a1bb-a27f81be1728 is New.
SignalR.Transports.WebSocketTransport Verbose: 0 : Sending outgoing message. Connection id: 65a8ce14-745c-431a-a1bb-a27f81be1728, transport: WebSocketTransport, message: {"C":"d-81A01C53-B,0|C,0|D,1","S":1,"M":[]}
SignalR.Transports.WebSocketTransport Error: 0 : OnError(65a8ce14-745c-431a-a1bb-a27f81be1728, System.Net.WebSockets.WebSocketException (0x80070026): Reached the end of the file
   at System.Web.WebSockets.WebSocketPipe.<>c__DisplayClass9_0.<ReadFragmentAsync>b__0(Int32 hrError, Int32 cbIO, Boolean fUtf8Encoded, Boolean fFinalFragment, Boolean fClose)
--- End of stack trace from previous location where exception was thrown ---
   at System.Runtime.ExceptionServices.ExceptionDispatchInfo.Throw()
   at System.Runtime.CompilerServices.TaskAwaiter.HandleNonSuccessAndDebuggerNotification(Task task)
   at System.Web.WebSockets.AspNetWebSocket.<DoWork>d__45`1.MoveNext()
--- End of stack trace from previous location where exception was thrown ---
   at System.Runtime.ExceptionServices.ExceptionDispatchInfo.Throw()
   at System.Runtime.CompilerServices.TaskAwaiter.HandleNonSuccessAndDebuggerNotification(Task task)
   at System.Web.WebSockets.AspNetWebSocket.<>c__DisplayClass36_0.<<ReceiveAsyncImpl>b__0>d.MoveNext()
--- End of stack trace from previous location where exception was thrown ---
   at System.Runtime.ExceptionServices.ExceptionDispatchInfo.Throw()
   at System.Runtime.CompilerServices.TaskAwaiter.HandleNonSuccessAndDebuggerNotification(Task task)
   at Microsoft.AspNet.SignalR.WebSockets.WebSocketMessageReader.<ReadMessageAsync>d__3.MoveNext() in /_/src/Microsoft.AspNet.SignalR.Core/Owin/WebSockets/WebSocketMessageReader.cs:line 36
--- End of stack trace from previous location where exception was thrown ---
   at System.Runtime.ExceptionServices.ExceptionDispatchInfo.Throw()
   at Microsoft.AspNet.SignalR.WebSockets.WebSocketHandler.<ProcessWebSocketRequestAsync>d__25.MoveNext() in /_/src/Microsoft.AspNet.SignalR.Core/Owin/WebSockets/WebSocketHandler.cs:line 170)
SignalR.Transports.WebSocketTransport Information: 0 : CloseSocket(65a8ce14-745c-431a-a1bb-a27f81be1728)
SignalR.Transports.TransportHeartBeat Verbose: 0 : 65a8ce14-745c-431a-a1bb-a27f81be1728 is dead
SignalR.Transports.TransportHeartBeat Verbose: 0 : 65a8ce14-745c-431a-a1bb-a27f81be1728 is dead
SignalR.Transports.TransportHeartBeat Verbose: 0 : 65a8ce14-745c-431a-a1bb-a27f81be1728 is dead
SignalR.Transports.TransportHeartBeat Information: 0 : Connection b007f67e-1a11-4bfd-945d-1b13d1370ac0 is New.
SignalR.Transports.WebSocketTransport Verbose: 0 : Sending outgoing message. Connection id: b007f67e-1a11-4bfd-945d-1b13d1370ac0, transport: WebSocketTransport, message: {"C":"d-81A01C53-B,0|E,0|F,1","S":1,"M":[]}
SignalR.Transports.TransportHeartBeat Verbose: 0 : 65a8ce14-745c-431a-a1bb-a27f81be1728 is dead
SignalR.Transports.WebSocketTransport Verbose: 0 : Sending outgoing message. Connection id: b007f67e-1a11-4bfd-945d-1b13d1370ac0, transport: WebSocketTransport, message: {"R":{"IsSuccess":true,"ResponseMessage":"Success"},"I":"0"}
SignalR.Transports.TransportHeartBeat Verbose: 0 : 65a8ce14-745c-431a-a1bb-a27f81be1728 is dead
SignalR.Transports.TransportHeartBeat Verbose: 0 : KeepAlive(b007f67e-1a11-4bfd-945d-1b13d1370ac0)
SignalR.Transports.WebSocketTransport Information: 0 : Abort(b007f67e-1a11-4bfd-945d-1b13d1370ac0)
SignalR.Transports.TransportHeartBeat Information: 0 : Removing connection b007f67e-1a11-4bfd-945d-1b13d1370ac0
SignalR.Transports.WebSocketTransport Information: 0 : End(b007f67e-1a11-4bfd-945d-1b13d1370ac0)
SignalR.Transports.WebSocketTransport Verbose: 0 : DrainWrites(b007f67e-1a11-4bfd-945d-1b13d1370ac0)
SignalR.Transports.WebSocketTransport Information: 0 : CompleteRequest (b007f67e-1a11-4bfd-945d-1b13d1370ac0)
SignalR.Transports.WebSocketTransport Information: 0 : CloseSocket(b007f67e-1a11-4bfd-945d-1b13d1370ac0)
SignalR.Transports.TransportHeartBeat Verbose: 0 : 65a8ce14-745c-431a-a1bb-aSignalR.Transports.TransportHeartBeat Information: 0 : Connection 995ca2bd-4959-4c17-8256-0708f1741168 is New.
SignalR.Transports.TransportHeartBeat Information: 0 : Connection b99ea717-ef05-42ec-a9e9-13ce741e6bb7 is New.
SignalR.Transports.WebSocketTransport Verbose: 0 : Sending outgoing message. Connection id: 995ca2bd-4959-4c17-8256-0708f1741168, transport: WebSocketTransport, message: {"C":"d-27BCC15B-B,0|C,0|D,1","S":1,"M":[]}
SignalR.Transports.WebSocketTransport Verbose: 0 : Sending outgoing message. Connection id: b99ea717-ef05-42ec-a9e9-13ce741e6bb7, transport: WebSocketTransport, message: {"C":"d-27BCC15B-B,0|E,0|F,1","S":1,"M":[]}
SignalR.Transports.WebSocketTransport Warning: 0 : Exception thrown by Task: System.AggregateException: One or more errors occurred. ---> System.MissingMethodException: No parameterless constructor defined for this object.
   at System.RuntimeTypeHandle.CreateInstance(RuntimeType type, Boolean publicOnly, Boolean noCheck, Boolean& canBeCached, RuntimeMethodHandleInternal& ctor, Boolean& bNeedSecurityCheck)
   at System.RuntimeType.CreateInstanceSlow(Boolean publicOnly, Boolean skipCheckThis, Boolean fillCache, StackCrawlMark& stackMark)
   at System.RuntimeType.CreateInstanceDefaultCtor(Boolean publicOnly, Boolean skipCheckThis, Boolean fillCache, StackCrawlMark& stackMark)
   at System.Activator.CreateInstance(Type type, Boolean nonPublic)
   at System.Activator.CreateInstance(Type type)
   at Microsoft.AspNet.SignalR.Hubs.DefaultHubActivator.Create(HubDescriptor descriptor) in /_/src/Microsoft.AspNet.SignalR.Core/Hubs/DefaultHubActivator.cs:line 29
   at Microsoft.AspNet.SignalR.Hubs.DefaultHubManager.ResolveHub(String hubName) in /_/src/Microsoft.AspNet.SignalR.Core/Hubs/Lookup/DefaultHubManager.cs:line 96
   at Microsoft.AspNet.SignalR.Hubs.HubDispatcher.CreateHub(IRequest request, HubDescriptor descriptor, String connectionId, StateChangeTracker tracker, Boolean throwIfFailedToCreate) in /_/src/Microsoft.AspNet.SignalR.Core/Hubs/HubDispatcher.cs:line 472
   at Microsoft.AspNet.SignalR.Hubs.HubDispatcher.OnReceived(IRequest request, String connectionId, String data) in /_/src/Microsoft.AspNet.SignalR.Core/Hubs/HubDispatcher.cs:line 178
   at Microsoft.AspNet.SignalR.PersistentConnection.<>c__DisplayClass64_1.<ProcessRequestPostGroupRead>b__6() in /_/src/Microsoft.AspNet.SignalR.Core/PersistentConnection.cs:line 282
   at Microsoft.AspNet.SignalR.TaskAsyncHelper.FromMethod(Func`1 func) in /_/src/Microsoft.AspNet.SignalR.Core/TaskAsyncHelper.cs:line 768
   --- End of inner exception stack trace ---
---> (Inner Exception #0) System.MissingMethodException: No parameterless constructor defined for this object.
   at System.RuntimeTypeHandle.CreateInstance(RuntimeType type, Boolean publicOnly, Boolean noCheck, Boolean& canBeCached, RuntimeMethodHandleInternal& ctor, Boolean& bNeedSecurityCheck)
   at System.RuntimeType.CreateInstanceSlow(Boolean publicOnly, Boolean skipCheckThis, Boolean fillCache, StackCrawlMark& stackMark)
   at System.RuntimeType.CreateInstanceDefaultCtor(Boolean publicOnly, Boolean skipCheckThis, Boolean fillCache, StackCrawlMark& stackMark)
   at System.Activator.CreateInstance(Type type, Boolean nonPublic)
   at System.Activator.CreateInstance(Type type)
   at Microsoft.AspNet.SignalR.Hubs.DefaultHubActivator.Create(HubDescriptor descriptor) in /_/src/Microsoft.AspNet.SignalR.Core/Hubs/DefaultHubActivator.cs:line 29
   at Microsoft.AspNet.SignalR.Hubs.DefaultHubManager.ResolveHub(String hubName) in /_/src/Microsoft.AspNet.SignalR.Core/Hubs/Lookup/DefaultHubManager.cs:line 96
   at Microsoft.AspNet.SignalR.Hubs.HubDispatcher.CreateHub(IRequest request, HubDescriptor descriptor, String connectionId, StateChangeTracker tracker, Boolean throwIfFailedToCreate) in /_/src/Microsoft.AspNet.SignalR.Core/Hubs/HubDispatcher.cs:line 472
   at Microsoft.AspNet.SignalR.Hubs.HubDispatcher.OnReceived(IRequest request, String connectionId, String data) in /_/src/Microsoft.AspNet.SignalR.Core/Hubs/HubDispatcher.cs:line 178
   at Microsoft.AspNet.SignalR.PersistentConnection.<>c__DisplayClass64_1.<ProcessRequestPostGroupRead>b__6() in /_/src/Microsoft.AspNet.SignalR.Core/PersistentConnection.cs:line 282
   at Microsoft.AspNet.SignalR.TaskAsyncHelper.FromMethod(Func`1 func) in /_/src/Microsoft.AspNet.SignalR.Core/TaskAsyncHelper.cs:line 768<---

SignalR.Transports.WebSocketTransport Warning: 0 : Exception thrown by Task: System.AggregateException: One or more errors occurred. ---> System.MissingMethodException: No parameterless constructor defined for this object.
   at System.RuntimeTypeHandle.CreateInstance(RuntimeType type, Boolean publicOnly, Boolean noCheck, Boolean& canBeCached, RuntimeMethodHandleInternal& ctor, Boolean& bNeedSecurityCheck)
   at System.RuntimeType.CreateInstanceSlow(Boolean publicOnly, Boolean skipCheckThis, Boolean fillCache, StackCrawlMark& stackMark)
   at System.RuntimeType.CreateInstanceDefaultCtor(Boolean publicOnly, Boolean skipCheckThis, Boolean fillCache, StackCrawlMark& stackMark)
   at System.Activator.CreateInstance(Type type, Boolean nonPublic)
   at System.Activator.CreateInstance(Type type)
   at Microsoft.AspNet.SignalR.Hubs.DefaultHubActivator.Create(HubDescriptor descriptor) in /_/src/Microsoft.AspNet.SignalR.Core/Hubs/DefaultHubActivator.cs:line 29
   at Microsoft.AspNet.SignalR.Hubs.DefaultHubManager.ResolveHub(String hubName) in /_/src/Microsoft.AspNet.SignalR.Core/Hubs/Lookup/DefaultHubManager.cs:line 96
   at Microsoft.AspNet.SignalR.Hubs.HubDispatcher.CreateHub(IRequest request, HubDescriptor descriptor, String connectionId, StateChangeTracker tracker, Boolean throwIfFailedToCreate) in /_/src/Microsoft.AspNet.SignalR.Core/Hubs/HubDispatcher.cs:line 472
   at Microsoft.AspNet.SignalR.Hubs.HubDispatcher.OnReceived(IRequest request, String connectionId, String data) in /_/src/Microsoft.AspNet.SignalR.Core/Hubs/HubDispatcher.cs:line 178
   at Microsoft.AspNet.SignalR.PersistentConnection.<>c__DisplayClass64_1.<ProcessRequestPostGroupRead>b__6() in /_/src/Microsoft.AspNet.SignalR.Core/PersistentConnection.cs:line 282
   at Microsoft.AspNet.SignalR.TaskAsyncHelper.FromMethod(Func`1 func) in /_/src/Microsoft.AspNet.SignalR.Core/TaskAsyncHelper.cs:line 768
   --- End of inner exception stack trace ---
---> (Inner Exception #0) System.MissingMethodException: No parameterless constructor defined for this object.
   at System.RuntimeTypeHandle.CreateInstance(RuntimeType type, Boolean publicOnly, Boolean noCheck, Boolean& canBeCached, RuntimeMethodHandleInternal& ctor, Boolean& bNeedSecurityCheck)
   at System.RuntimeType.CreateInstanceSlow(Boolean publicOnly, Boolean skipCheckThis, Boolean fillCache, StackCrawlMark& stackMark)
   at System.RuntimeType.CreateInstanceDefaultCtor(Boolean publicOnly, Boolean skipCheckThis, Boolean fillCache, StackCrawlMark& stackMark)
   at System.Activator.CreateInstance(Type type, Boolean nonPublic)
   at System.Activator.CreateInstance(Type type)
   at Microsoft.AspNet.SignalR.Hubs.DefaultHubActivator.Create(HubDescriptor descriptor) in /_/src/Microsoft.AspNet.SignalR.Core/Hubs/DefaultHubActivator.cs:line 29
   at Microsoft.AspNet.SignalR.Hubs.DefaultHubManager.ResolveHub(String hubName) in /_/src/Microsoft.AspNet.SignalR.Core/Hubs/Lookup/DefaultHubManager.cs:line 96
   at Microsoft.AspNet.SignalR.Hubs.HubDispatcher.CreateHub(IRequest request, HubDescriptor descriptor, String connectionId, StateChangeTracker tracker, Boolean throwIfFailedToCreate) in /_/src/Microsoft.AspNet.SignalR.Core/Hubs/HubDispatcher.cs:line 472
   at Microsoft.AspNet.SignalR.Hubs.HubDispatcher.OnReceived(IRequest request, String connectionId, String data) in /_/src/Microsoft.AspNet.SignalR.Core/Hubs/HubDispatcher.cs:line 178
   at Microsoft.AspNet.SignalR.PersistentConnection.<>c__DisplayClass64_1.<ProcessRequestPostGroupRead>b__6() in /_/src/Microsoft.AspNet.SignalR.Core/PersistentConnection.cs:line 282
   at Microsoft.AspNet.SignalR.TaskAsyncHelper.FromMethod(Func`1 func) in /_/src/Microsoft.AspNet.SignalR.Core/TaskAsyncHelper.cs:line 768<---

SignalR.Transports.TransportHeartBeat Verbose: 0 : KeepAlive(b99ea717-ef05-42ec-a9e9-13ce741e6bb7)
SignalR.Transports.TransportHeartBeat Verbose: 0 : KeepAlive(995ca2bd-4959-4c17-8256-0708f1741168)
SignalR.Transports.TransportHeartBeat Information: 0 : Connection e05a34ae-6c88-4574-bfe2-183b61530332 is New.
SignalR.Transports.WebSocketTransport Verbose: 0 : Sending outgoing message. Connection id: e05a34ae-6c88-4574-bfe2-183b61530332, transport: WebSocketTransport, message: {"C":"d-27BCC15B-B,0|G,0|H,1","S":1,"M":[]}
SignalR.Transports.WebSocketTransport Warning: 0 : Exception thrown by Task: System.AggregateException: One or more errors occurred. ---> System.MissingMethodException: No parameterless constructor defined for this object.
   at System.RuntimeTypeHandle.CreateInstance(RuntimeType type, Boolean publicOnly, Boolean noCheck, Boolean& canBeCached, RuntimeMethodHandleInternal& ctor, Boolean& bNeedSecurityCheck)
   at System.RuntimeType.CreateInstanceSlow(Boolean publicOnly, Boolean skipCheckThis, Boolean fillCache, StackCrawlMark& stackMark)
   at System.RuntimeType.CreateInstanceDefaultCtor(Boolean publicOnly, Boolean skipCheckThis, Boolean fillCache, StackCrawlMark& stackMark)
   at System.Activator.CreateInstance(Type type, Boolean nonPublic)
   at System.Activator.CreateInstance(Type type)
   at Microsoft.AspNet.SignalR.Hubs.DefaultHubActivator.Create(HubDescriptor descriptor) in /_/src/Microsoft.AspNet.SignalR.Core/Hubs/DefaultHubActivator.cs:line 29
   at Microsoft.AspNet.SignalR.Hubs.DefaultHubManager.ResolveHub(String hubName) in /_/src/Microsoft.AspNet.SignalR.Core/Hubs/Lookup/DefaultHubManager.cs:line 96
   at Microsoft.AspNet.SignalR.Hubs.HubDispatcher.CreateHub(IRequest request, HubDescriptor descriptor, String connectionId, StateChangeTracker tracker, Boolean throwIfFailedToCreate) in /_/src/Microsoft.AspNet.SignalR.Core/Hubs/HubDispatcher.cs:line 472
   at Microsoft.AspNet.SignalR.Hubs.HubDispatcher.OnReceived(IRequest request, String connectionId, String data) in /_/src/Microsoft.AspNet.SignalR.Core/Hubs/HubDispatcher.cs:line 178
   at Microsoft.AspNet.SignalR.PersistentConnection.<>c__DisplayClass64_1.<ProcessRequestPostGroupRead>b__6() in /_/src/Microsoft.AspNet.SignalR.Core/PersistentConnection.cs:line 282
   at Microsoft.AspNet.SignalR.TaskAsyncHelper.FromMethod(Func`1 func) in /_/src/Microsoft.AspNet.SignalR.Core/TaskAsyncHelper.cs:line 768
   --- End of inner exception stack trace ---
---> (Inner Exception #0) System.MissingMethodException: No parameterless constructor defined for this object.
   at System.RuntimeTypeHandle.CreateInstance(RuntimeType type, Boolean publicOnly, Boolean noCheck, Boolean& canBeCached, RuntimeMethodHandleInternal& ctor, Boolean& bNeedSecurityCheck)
   at System.RuntimeType.CreateInstanceSlow(Boolean publicOnly, Boolean skipCheckThis, Boolean fillCache, StackCrawlMark& stackMark)
   at System.RuntimeType.CreateInstanceDefaultCtor(Boolean publicOnly, Boolean skipCheckThis, Boolean fillCache, StackCrawlMark& stackMark)
   at System.Activator.CreateInstance(Type type, Boolean nonPublic)
   at System.Activator.CreateInstance(Type type)
   at Microsoft.AspNet.SignalR.Hubs.DefaultHubActivator.Create(HubDescriptor descriptor) in /_/src/Microsoft.AspNet.SignalR.Core/Hubs/DefaultHubActivator.cs:line 29
   at Microsoft.AspNet.SignalR.Hubs.DefaultHubManager.ResolveHub(String hubName) in /_/src/Microsoft.AspNet.SignalR.Core/Hubs/Lookup/DefaultHubManager.cs:line 96
   at Microsoft.AspNet.SignalR.Hubs.HubDispatcher.CreateHub(IRequest request, HubDescriptor descriptor, String connectionId, StateChangeTracker tracker, Boolean throwIfFailedToCreate) in /_/src/Microsoft.AspNet.SignalR.Core/Hubs/HubDispatcher.cs:line 472
   at Microsoft.AspNet.SignalR.Hubs.HubDispatcher.OnReceived(IRequest request, String connectionId, String data) in /_/src/Microsoft.AspNet.SignalR.Core/Hubs/HubDispatcher.cs:line 178
   at Microsoft.AspNet.SignalR.PersistentConnection.<>c__DisplayClass64_1.<ProcessRequestPostGroupRead>b__6() in /_/src/Microsoft.AspNet.SignalR.Core/PersistentConnection.cs:line 282
   at Microsoft.AspNet.SignalRSignalR.Transports.TransportHeartBeat Information: 0 : Connection c30fd985-7f42-445f-ab0d-b13b962ecd96 is New.
SignalR.Transports.TransportHeartBeat Information: 0 : Connection 780a4850-79df-4bdc-b3df-e4f06dbad05f is New.
SignalR.Transports.WebSocketTransport Verbose: 0 : Sending outgoing message. Connection id: 780a4850-79df-4bdc-b3df-e4f06dbad05f, transport: WebSocketTransport, message: {"C":"d-A3FAAA39-B,0|E,0|F,1","S":1,"M":[]}
SignalR.Transports.TransportHeartBeat Verbose: 0 : KeepAlive(c30fd985-7f42-445f-ab0d-b13b962ecd96)
SignalR.Transports.TransportHeartBeat Verbose: 0 : Connection c30fd985-7f42-445f-ab0d-b13b962ecd96 exists. Closing previous connection.
SignalR.Transports.WebSocketTransport Information: 0 : End(c30fd985-7f42-445f-ab0d-b13b962ecd96)
SignalR.Transports.WebSocketTransport Verbose: 0 : Cancel(c30fd985-7f42-445f-ab0d-b13b962ecd96)
SignalR.Transports.WebSocketTransport Verbose: 0 : DrainWrites(c30fd985-7f42-445f-ab0d-b13b962ecd96)
SignalR.Transports.TransportHeartBeat Verbose: 0 : KeepAlive(780a4850-79df-4bdc-b3df-e4f06dbad05f)
SignalR.Transports.WebSocketTransport Information: 0 : CompleteRequest (c30fd985-7f42-445f-ab0d-b13b962ecd96)
SignalR.Transports.WebSocketTransport Error: 0 : OnError(c30fd985-7f42-445f-ab0d-b13b962ecd96, System.Net.WebSockets.WebSocketException (0x80070026): Reached the end of the file
   at System.Web.WebSockets.WebSocketPipe.<>c__DisplayClass9_0.<ReadFragmentAsync>b__0(Int32 hrError, Int32 cbIO, Boolean fUtf8Encoded, Boolean fFinalFragment, Boolean fClose)
--- End of stack trace from previous location where exception was thrown ---
   at System.Runtime.CompilerServices.TaskAwaiter.ThrowForNonSuccess(Task task)
   at System.Runtime.CompilerServices.TaskAwaiter.HandleNonSuccessAndDebuggerNotification(Task task)
   at System.Web.WebSockets.AspNetWebSocket.<DoWork>d__45`1.MoveNext()
--- End of stack trace from previous location where exception was thrown ---
   at System.Runtime.CompilerServices.TaskAwaiter.ThrowForNonSuccess(Task task)
   at System.Runtime.CompilerServices.TaskAwaiter.HandleNonSuccessAndDebuggerNotification(Task task)
   at System.Web.WebSockets.AspNetWebSocket.<>c__DisplayClass36_0.<<ReceiveAsyncImpl>b__0>d.MoveNext()
--- End of stack trace from previous location where exception was thrown ---
   at System.Runtime.CompilerServices.TaskAwaiter.ThrowForNonSuccess(Task task)
   at System.Runtime.CompilerServices.TaskAwaiter.HandleNonSuccessAndDebuggerNotification(Task task)
   at Microsoft.AspNet.SignalR.WebSockets.WebSocketMessageReader.<ReadMessageAsync>d__3.MoveNext() in /_/src/Microsoft.AspNet.SignalR.Core/Owin/WebSockets/WebSocketMessageReader.cs:line 36
--- End of stack trace from previous location where exception was thrown ---
   at System.Runtime.CompilerServices.TaskAwaiter.ThrowForNonSuccess(Task task)
   at System.Runtime.CompilerServices.TaskAwaiter.HandleNonSuccessAndDebuggerNotification(Task task)
   at Microsoft.AspNet.SignalR.WebSockets.WebSocketHandler.<ProcessWebSocketRequestAsync>d__25.MoveNext() in /_/src/Microsoft.AspNet.SignalR.Core/Owin/WebSockets/WebSocketHandler.cs:line 170)
SignalR.Transports.WebSocketTransport Information: 0 : CloseSocket(c30fd985-7f42-445f-ab0d-b13b962ecd96)
SignalR.Transports.WebSocketTransport Verbose: 0 : Sending outgoing message. Connection id: 780a4850-79df-4bdc-b3df-e4f06dbad05f, transport: WebSocketTransport, message: {"R":{"IsSuccess":true,"ResponseMessage":"Success, document was created with number: PZ-5/26"},"I":"0"}
SignalR.Transports.WebSocketTransport Information: 0 : Abort(780a4850-79df-4bdc-b3df-e4f06dbad05f)
SignalR.Transports.TransportHeartBeat Information: 0 : Removing connection 780a4850-79df-4bdc-b3df-e4f06dbad05f
SignalR.Transports.WebSocketTransport Information: 0 : End(780a4850-79df-4bdc-b3df-e4f06dbad05f)
SignalR.Transports.WebSocketTransport Verbose: 0 : DrainWrites(780a4850-79df-4bdc-b3df-e4f06dbad05f)
SignalR.Transports.WebSocketTransport Information: 0 : CompleteRequest (780a4850-79df-4bdc-b3df-e4f06dbad05f)
SignalR.Transports.WebSocketTransport InformatioSignalR.Transports.TransportHeartBeat Information: 0 : Connection e217fa11-b1db-4c73-975e-0e7adc2c2822 is New.
SignalR.Transports.WebSocketTransport Verbose: 0 : Sending outgoing message. Connection id: e217fa11-b1db-4c73-975e-0e7adc2c2822, transport: WebSocketTransport, message: {"C":"d-349239D4-B,0|C,0|D,1","S":1,"M":[]}
SignalR.Transports.TransportHeartBeat Verbose: 0 : KeepAlive(e217fa11-b1db-4c73-975e-0e7adc2c2822)
SignalR.Transports.WebSocketTransport Verbose: 0 : Sending outgoing message. Connection id: e217fa11-b1db-4c73-975e-0e7adc2c2822, transport: WebSocketTransport, message: {"R":{"Suppliers":["ARSMOX MARINE","BCB","BRAKSTON","CERTINO AGROSTE","GREEN CIRCLE","JASMIX","KONSTERMPOL","RR_GRZEGORZ_MAŚLAK","RR_RAFAŁ_STACHOWIAK","STANMEXPOL","UPS","ZYX","AGROROL MAXTOP","BUDSAMTOP","CDC","CLEMONT PARIS","DEMO","FISKVINNSLA VEIDARFÉ","FREXI BURIST","FRUSTING","KIELPOL","SVGF POLAND","TARNODREW","UGRANDA"],"Warehouses":["KRK","MAG","MAG PÓŁPR","MAG SUR","MAG WGT","REKL","WMS","WMS2"],"Products":["ADAPTER PRZELOTOWY","AKCESORIA OKUWANE","AKCESORIA PAKOWANE","AKUMULATOR","ALMG3","ARABICA","ARKUSZ ALUMINIUM 240X240 CM","AROM-GREJPFR","AROM-TRUSKAWKOWY","A-Vista","BARI","BARWNIK DO TULEJEK","BATERIA UMYWALKOWA 203","BATERIA WANNOWA","BATERIA ZLEWOZMYWAKOWA","BENZYNA EKSTRAKCYJNA","BLACHA DD11 GR3MM","BLAT BIAŁY 302X292X16 LAK BIAŁY EL011621","BLAT DO STOŁU DĘBOWEGO","BLAT DO STOŁU DĘBOWEGO POLAKIEROWANY","BOK LE.BIAŁA.800X270X16 LAK BIA EL003447","BOK LEWY STANDU","BOK PR.BIAŁA.800X270X16 LAK BIA EL003446","BOK PRAWY STANDU","BRAMA ROLETOWA","BRAMA UCHYLNA","BROTHER - DCP","BUTELKA 0,5 L","BUTELKA 0,5 L.","BUTELKA 0,75 L.","BUTELKA 1,0 L.","BUTELKA Z KORKIEM","CAMPINA DUST 60X60","CANELLA STEEL490X300X10 MM","CANON - PIXMA","CEBULA SMAŻONA","CHWYT DRZWIOWY","CHWYT DRZWIOWY 1200","CHWYT DRZWIOWY 1200 DO MALOWANIA","CHWYT DRZWIOWY DO CIĘCIA","CHWYT DRZWIOWY DO MALOWANIA","CIASTO","CIĄGNIK ROLNICZY CM110GX","CIĄGNIK ROLNICZY CM135GX","CIĄGNIK ROLNICZY- ZESTAW K+O","CISOWIANKA 1,5 L","CIŚNIENIOMIERZ PRZEMYSŁOWY","CITY BUGAT 60X60 GAT.I","CYLINDER","CYLINDER TŁOKOWY - PROTOTYP","DELICJE POMARAŃCZOWE","DEMONTAŻ","DESKA DĘBOWA 150X100","DESKA DĘBOWA 150X20","DETAL - GROT","DETAL B-13.152","DETAL C-10.092","DETAL C-220","DŁUGOPIS INKJOY 300 RT","DOMOWA","DRUT NAWOJOWY OKRĄGŁY 3 MM","DRZWI UN.BIAŁA 768X296X16 LAK BIAŁY EL00","DUŻA PÓŁKA","DYSTRYBUTOR DUŻY","DYSZA CIŚNIENIOWA A3","EKOTUBA","EKSPRES DO KAWY ESPRESSO","ELEMENT WYPALAJĄCY ZIARNO","ELEMENT WZMACNIAJĄCY (BOK 1)","ELEMENT WZMACNIAJĄCY (BOK2)","EPSON - BUSINESS INKJET","EPSON - STYLUS","ESPRESSO","ESPRESSO ROZPUSZCZALNA","ETYKIETA JOGURT TRUSKAWKOWY BIEDRONKA","ETYKIETA JOGURT TRUSKAWKOWY JAGR","ETYKIETA JOGURT TRUSKAWKOWY TESCO","FAEMA E71","FARBA PANTONE 511","FARBA PROSZKOWA","FILTR POWIETRZA","FLIPCHART","FOLIA - CIASTKA","FOLIA - RĘKAW","FOLIA ALUMINIOWA LAM.","FOLIA MALARSKA 4X5","FORMA 01D","FORMA 05D","FORMA 07D","FORNIR","FRONT","GABEL 600.400.01.1/3","GALAPER 200 EC 1L","GALAPER 200 EC 5L","GALAPER STRONG - ZESTAW DUŻY","GALAPER STRONG - ZESTAW MAŁY","GALMET 20 SG 250G","GALMET 20 SG 50G","GAZ MIX ARGON","GERDA CL 1904 AX 1/360","GERDA WK M4","GERDA WK M4 Z","GŁOWICA EKSPRESU","GŁOWICA STERUJĄCA","GNIAZDO PODŁOGOWE","GNIAZDO ŚCIENNE","GRU-.DR-D-Z-000","GRU-DRZ-D-W-000","GRU-DRZ-D-W-001","GRU-DRZ-D-W-002","GRU-DRZ-D-Z-000","GRU-DRZ-D-Z-001","GRU-DRZ-D-Z-002","GRU-DRZ-D-Z-003","GRU-DRZ-D-Z-004","GRU-DRZ-D-Z-005","GRU-DRZ-D-Z-006","GRU-DRZ-D-Z-007","GRU-DRZ-D-Z-008","GRU-DRZ-D-Z-009","GRU-DRZ-D-Z-010","GRU-DRZ-D-Z-011","GRU-DRZ-D-Z-012","GRU-DRZ-D-Z-013","GRU-DRZ-D-Z-014","GRU-DRZ-D-Z-015","GRU-DRZ-D-Z-016","GRU-DRZ-D-Z-017","GRU-DRZ-D-Z-018","GRU-DRZ-D-Z-019","GRU-DRZ-D-Z-020","GRU-DRZ-D-Z-021","GRU-DRZ-D-Z-022","GRU-DRZ-D-Z-023","GRU-DRZ-D-Z-024","GRU-DRZ-D-Z-026","GRU-DRZ-D-Z-027","GRZAŁKA WODY","GULASZ WIEPRZOWY","HUELSE 600.400.01.1/2","I73349/03 UW AC 100 NEW KPL","JOGURT - MASA","JOGURT DO OCHŁODZENIA","JOGURT OCHŁODZONY","JOGURT TRUSKAWKOWY DO ETYKIETOWANIA","JOGURT TRUSKAWKOWY MASA","JUMBO ROLA - FOLIA SIATKA POLIETYLEN","JUMBO ROLA PAPIER","KABINA PRYSZNICOWA","KABINA PRYSZNICOWA DOUBLE","KALLIO TAR 490X300X10 MM","KANTÓWKA  80X60","KANTÓWKA 98X80","KARTON EKSPOZYCYJNY","KARTON PRZEWODNI NADRUK (NIESKLEJONY)","KARTON PRZEWODNI NADRUK FLEXO","KARTON WEWNĘTRZNY 9","KARTON WEWNĘTRZNY A","KARTON WEWNĘTRZNY A (NIESKLEJONY)","KARTON WEWNĘTRZNY B","KARTON WEWNĘTRZNY B (NIESKLEJONY)","KARTON WEWNĘTRZNY C","KARTON WEWNĘTRZNY C (NIESKLEJONY)","KAUCZUK NAT. TSR.","KAWA JACOBS 200G","KAWA NESCAFE CREME 200G","KIEŁBASA TORUŃSKA","KLAMKA","KLAMKA ESMERALDA","KLAMKA PELAGIA","KLAMKA RAFAELLA","KLAMKA VICTORIA","KLEJ","KLEJ DO LINII TECHN.","KLUCZ NASADOWY","KLUCZE KOMPLET","KŁÓDKA WZMOCNIONA TRZPIENIOWA","KOLBENROHR 600.400.01.1","KOŁO PRZÓD","KOŁO PRZÓD 2","KOŁO TYŁ","KOŁO TYŁ 2","KOMBINERKI","KOMPAKT WC","KOMPLET NARZĘDZI","KONCENTRAT JABŁKOWY","KONCENTRAT POMARAŃCZOWY","KONCENTRAT WIELOOWOCOWY","KOTLET SCHABOWY Z KAPUSTĄ I ZIEMNIAKAMI","KRATKA MALARSKA","KRATKA_PAST","KREM","KROCIEC GP1","KUBEK JOGURT TRUSKAWKOWY","KUBEK ŚMIETANA","KURCZAK DUŻY","KURCZAK DUŻY POW. 1,6 KG","KURCZAK GRILLOWY 1-1,2 KG","KURCZAK HANDLOWY 1,3-1,6 KG","KURCZAK HODOWLANY","KURCZAK KONFISKATY","KURCZAK PADŁY","KURCZAK POUBOJOWY","KURCZAK ŚWIEŻY KL. I","KURCZAK ŚWIEŻY KL. II","KURCZAK ŻYWY KL. I","KURCZAK ŻYWY KL. II","KURCZAK ŻYWY ZDROWY","KUREK PARY","KUWETA 18\"","KWAS SIARKOWY","KWAS-L-ASKORB","KWAŚNY WĘGLAN AMONU","KWAŚNY WĘGLAN SODU","LAKIER POLIURETANOWY DO DREWNA","LAMINAT","LIN ŻYWY","LISTEK WAFLOWY","LORD","ŁĄCZNIK METALOWY","ŁOM LISTKA WAFLOWEGO","ŁOM NADZIEWANY","ŁOM PRZEKŁADANY","ŁOM SUCHY LISTKA","ŁOSOŚ NORWESKI MROŻONY","ŁUKI","M0001","M0002","M0003","M0004","M0005","M0006","MAKRELA DO WĘDZENIA","MAKRELA MROŻONA","MAKRELA ODLODOWANA","MAKRELA PATROSZONA","MAKRELA PATROSZONA I WYPŁUKANA","MAKRELA ROZMROŻONA","MAKRELA WĘDZONA","MAKRELA WĘDZONA PAKOWANA PRÓŻNIOWO","MAKRELA WĘDZONA PAKOWANA PRÓŻNIOWO LUZ","MALOWANIE","MAŁA PÓŁKA","MARMUR","MASŁO MASA","MAŚLANKA","MATERIAŁ POMOCNICZY","MĄCZKA ORZECHOWA","MĄKA OWSIANA","MDF","MIĘSO WIEPRZOWE","MIGDAŁY","MILANO","MISKA WC WISZĄCA","MLEKO ODTŁUSZCZONE","MLEKO PASTERYZOWANE","MŁOTEK","MONTAŻ","MORRENO","NADRUK OFFSETOWY (STAND EURO2012)","NAROŻNIK ABS","NAWIERZCHNIA UV","NOGA DO STOŁU DĘBOWEGO","NOGA DO STOŁU DĘBOWEGO POLAKIEROWANA","NOWA ŚMIETANA","NÓŻ OBRĄCZKOWY METALOWY","NÓŻ TOKARSKI","OBRÓBKA CIEPLNA","OBRZEŻE BIAŁE ABS 19X1 100%","OBRZEŻE BIAŁE GŁADKIE 19X0.8","OBUDOWA EKSPRESU","OBUDOWA FAEMA E71","ODF","ODF 1A","ODF 1A + PANEL","ODF 1B","ODF 1C","ODKUWKA SPKK_80X80-18G2A-N","ODLEW_KRATKI","ODPAD NIEUŻYTKOWY","ODPAD PATROSZENIA","ODPŁYW KANALIZACYJNY","OKNO T1","OKNO T2","OLEJ HYDRAULICZNY","OLEJ PARAFINOWY","OLEJ ROŚLINNY","OLEJ RZEPAKOWY","OLEJ SPOŻYWCZY","OLEW_KRATKI","OŁÓW 1","OŁÓW 2","OPAKOWANIE NA ZESTAW NACZYŃ","OPAKOWANIE T1","OPAKOWANIE USZKODZONE","ORZECHY LASKOWE BLANSZOWANE","ORZECHY LASKOWE PRAŻONE","ORZECHY ŁUSKANE","ORZECHY WŁOSKIE","ORZECHY WŁOSKIE ŁUSKANE","ORZECHY ZIEMNE 38/42 BRAZYLIA","ORZECHY ZIEMNE KROJONE","ORZECHY ZIEMNE PRAŻONE KROJONE","OSP.C.C2","OSP.CX.LUX","PALETA","PALETKA NA SPÓD","PANEL","PAPIER","PAPIER A4 500 ARKUSZY","PAPIER A4 EKOLOGICZNY","PASTA AKUMLATOROWA -","PASTA AKUMLATOROWA +","PCV","PIASTA ROWEROWA","PIASTA ROWEROWA 2","PIEROGI Z MIĘSEM 400G","PIEROGI Z MIĘSEM OPAK-4KG","PIŁA BAHCO + KABURA","PISTACJE","PIWO CIEMNE 6,5%","PIWO JASNE 5,5%","PLACKI ZIEMNIACZANE SOLO 400G","PLATYNKA","PŁ. WIÓR. B. 16 LAK","PŁ. WIÓR. B. PLATYNOWA 16MM 2XLAM","PŁATKI OWSIANE GÓRSKIE","PŁYTA AKUMULATOROWA -","PŁYTA AKUMULATOROWA +","PŁYTA HDF SUROWA 3MM 100-0-120-000003","PŁYTA STANDARD","PŁYTA WAFLOWA","PŁYTKA - TYP AD","PŁYTKA CNMG","PŁYTKA CNMM-2","PŁYTKA CNUA","PŁYTKA DNMA","PŁYTKA -TYP AE","PŁYTKA TYP-A","PN 1: ODF 1A","PN 2: PANEL","PN 3: ODF 1B","PODKŁAD PROMOTOR UV","PODKŁADKA TWORZYWOWA 24.2X19.8X1.2","PODKŁADKA TWORZYWOWA 24.2X19.8X1.8","POJEMNIK DROBIOWY 12 KG","POM","PÓŁFABRYKAT CIASTEK WYPIECZONYCH","PÓŁKA BIAŁA 267X245X16 EL011623","PÓŁTUSZE","PREMIUM ROZPUSZCZALNA","PRĘT METALOWY 21MM","PRĘT OKRĄGŁY CIĄGNIONY D=18","PRĘT OKRĄGŁY CIĄGNIONY D=36","PRĘT OKRĄGŁY E235 D90 3000 - OBR. KOŃC.","PRĘT OKRĄGŁY E235 D90 3000 DO CIĄGNIENIA","PROFIL 18X18 3M","PROFIL 18X18 6M","PROFIL 25X15 6M","PROFIL ALUMINIOWY 3M","PROSTOWANIE RUR","PROSZEK OŁOWIU","PROWADNICA","PRZECIĄGANIE RUR","PRZEKŁADKA TEKTUROWA 270X230","PRZEKŁADNIK PRĄDOWY","PRZEWÓD EKRANOWANY FI2","PRZĘSŁO 2M - OCYNKOWANE","PRZĘSŁO 2M - SUROWE","PRZYCIĘTY NA WYMAR WKŁAD DO STOJAKA","PRZYCIĘTY NA WYMIAR PRĘT","PSTRĄG ŻYWY","PSZENICA KONSUMPCYJNA","PSZENICA PASZOWA","PUSZKA FI10","RAMA STOJAKA METALOWEGO","RANT BOKU","RASTBOLZEN 600.400.01.1/4","REGRANULAT POLIETYLEN. KOLOR X","RODZINNA","ROWER","ROWER 2","ROZDZIELNICA NN SIEMENS","ROZŁADUNEK","RURA CYLINDROWA B/SZW/ 35X5 H9","RURA CYLINDROWA B/SZW/ 40X5 H9","RURA E235 D6 G1 DO CIĘCIA NA WYMIAR","RURA E235 D6 G1 DO PROSTOWANIA","RURA E235 D6 G1 DO WYŻARZANIA","RURKA KPL. GP1","RYGIEL ZWYKŁY 12VDC","SAMOZAMYKACZ GTS 2000V/2000V Z BLOKADĄ","SANDACZ ŻYWY","SEKATOR GREENMIL","SEKATOR NOŻYCOWY FISKARS","SER GOUDA","SERWATKA","SIATKA FILTRACYJNA","SILIKON SOUDAL","SILIKON TYTAN","SKRZYDŁO SENATOR","SKRZYNKA","SŁONINA","SMALEC WIEPRZOWY","SORBINIAN POTASU","SÓL MORSKA","SPIENIACZ","STALOWA PODKŁADKA SPRĘŻYSTA 23.7X18.3X2","STAND REKLAMOWY EURO","STELAŻ MONTAŻOWY","STOJAK REKLAMOWY - METALOWY","STÓŁ DĘBOWY","SUWAK B","SYROP-WIELOWOWOC","SYROP-WIELOWOWOC 1002","SYSTEMHULSE 600.400.01.1/1","SZAFA ZNOR2-ML3F/6P","SZAFKA 2.S.164311","SZPACHELKA","SZYBA ZESPOLONA","SZYLD WEW. OWALNY 35 MM PZ 92","SZYLD ZEWNĘTRZNY OWALNY SZER. 35MM PZ92","ŚCIANA TYLNIA STAND EURO2012 (KASZ.)","ŚCIANA TYLNIA STANDU","ŚMIETANA DO ZMAŚLANIA","ŚMIETANA KREMÓWKA DO KJ","ŚMIETANA KREMÓWKA LUZ","ŚMIETANKA","ŚMIETANKA DO DOJRZEWANIA","ŚMIETANKA DO HOMOGENIZACJI","ŚMIETANKA DO PASTERYZACJI","ŚMIETANKA DO SZCZEPIENIA","ŚRUBA OZDOBNA 15MM","ŚRUBA WIKING","ŚRUT METALOWY","TARCICA","TARCZA","TAŚMA STALOWA","TEKSTURAT SOJOWY","TEKTURA","TEKTURA LITA 230 G/M2","TEKTURA LITA 275 G/M2","TEKTURA LITA 290 G/M2","TELEWIZOR","TELEWIZOR 32S32T7","TELEWIZOR 40S38T7","TELEWIZOR 46S38T7","TŁOCZYSKO","TŁOK","TŁOK. CJ","TŁUSZCZ ROŚLINNY","TOŁPYGA ŻYWA","TOPPER","TORINO","TOSCANIA","TRALKA - 18X18","TRANSFORMATOR TR.20151.3","TRANSPORT","TRANSPORT MASZYNY","TRZPIEŃ 8X130","TRZPIEŃ DO BY-PASSU","TULEJKA TWORZYWOWA 22.8X18.2X5.8","TULEJKA ZNALOWA 10.4","TULEJKA ZNALOWA 9.9","TUSZ BLACK","TUSZ CYAN","UDKA Z KURCZAKA 2 SZT.","UMYWALKA OWALNA","UMYWALKA PROSTOKĄTNA","UMYWALKA Z SZAFKĄ","URZĄDZENIE_2","URZĄDZENIE_3","URZĄDZENIE_4","USZCZELKA","USZKODZONY CHWYT","USZKODZONY CHWYT DRZWIOWY","UTWARDZACZ","VELVET ROZPUSZCZALNA","W0001","W0002","W0003","W0004","WAFLE KAKAOWE 500G","WAFLE SUCHE TORTOWE 180G 5,1MM","WAŁEK MALARSKI 180","WANNA PROSTOKĄTNA","WANNA WOLNOSTOJĄCA","WANNA Z HYDROMASAŻEM","WIENIEC DL.BIAŁA 268X249X16 DE. EL011624","WIERTARKA UDAROWA","WIÓRKI KOKOSOWE","WKŁAD DO PALETKI NA SPÓD","WKŁAD DO PÓŁKI","WKRĘT DO MOCOWANIA STELAŻA","WKRĘT M5","WKRĘT PŁASKI 12MM","WKRĘTAK KRZYŻOWY","WKRĘTAK PŁASKI","WŁĄCZNIK EKSPRESU","WODA","WODA 0,66 NIEGAZ","WODA 1,25 NIEGAZ","WODA DEMI","WODOROWĘGLAN SODU","WSAD - PRĘT OKRĄGŁY C45E D90 3000 MM","WSAD - PRĘT OKRĄGŁY E235 D115 3000","WSAD - PRĘT OKRĄGŁY E235 D145 3000","WSAD - PRĘT OKRĄGŁY E235 D90 3000","WSAD - PRĘT OKRĄGŁY E255 D90 3000","WSAD - PRĘT OKRĄGŁY E355 D90 3000 MM","WSAD TRUSKAWKOWY 8%","WSKAŹNIK WŁĄCZENIA","WYKROJNIK","WYŁĄCZNIK","WYMIANA SIATKI FILTRACYJNEJ","WYMIANA ZAWORU ROZPRĘŻAJĄCEGO","WYRÓB UTRACONY","X00-00-00124-00-00068","X00-01-00075-19-00010","X00-02-00178-05-00024","X00-02-00178-05-00147","X00-02-02805-06-00001","X00-03-05066-03-00040","X00-05-00075-19-00007","X00-05-00799-03-30007","X00-05-00799-09-00004","X00-05-00888-02-00003","X00-05-01573-05-00144","X00-05-09275-01-00116","X00-05-15033-05-00002","X00-05-15033-05-00294","X00-05-15033-05-20283","X00-08-01677-01-00079","X00-09-06626-01-00040","X00-09-06626-02-00011","X00-09-06626-05-00001","X00-09-06626-05-00003","X00-10-02805-05-00008","X00-10-02805-06-00001","X00-11-02805-01-00026","X00-11-02805-03-00008","X00-12-00008-03-00035","X00-16-30545-02-00043","ZACZEP BEZPIECZEŃSTWA","ZAKWAS","ZASUWNICA","ZAWIAS DOLNY","ZAWIAS GÓRNY","ZBIORNIK NA WODĘ","ZESTAW MALARSKI MSignalR.Transports.TransportHeartBeat Information: 0 : Connection 4d93ddef-97dc-4549-8186-76f1dfec1879 is New.
SignalR.Transports.WebSocketTransport Verbose: 0 : Sending outgoing message. Connection id: 4d93ddef-97dc-4549-8186-76f1dfec1879, transport: WebSocketTransport, message: {"C":"d-9D64DC34-B,0|C,0|D,1","S":1,"M":[]}
SignalR.Transports.WebSocketTransport Verbose: 0 : Sending outgoing message. Connection id: 4d93ddef-97dc-4549-8186-76f1dfec1879, transport: WebSocketTransport, message: {"R":{"Suppliers":["ARSMOX MARINE","BCB","BRAKSTON","CERTINO AGROSTE","GREEN CIRCLE","JASMIX","KONSTERMPOL","RR_GRZEGORZ_MAŚLAK","RR_RAFAŁ_STACHOWIAK","STANMEXPOL","UPS","ZYX","AGROROL MAXTOP","BUDSAMTOP","CDC","CLEMONT PARIS","DEMO","FISKVINNSLA VEIDARFÉ","FREXI BURIST","FRUSTING","KIELPOL","SVGF POLAND","TARNODREW","UGRANDA"],"Warehouses":["KRK","MAG","MAG PÓŁPR","MAG SUR","MAG WGT","REKL","WMS","WMS2"],"Products":["ADAPTER PRZELOTOWY","AKCESORIA OKUWANE","AKCESORIA PAKOWANE","AKUMULATOR","ALMG3","ARABICA","ARKUSZ ALUMINIUM 240X240 CM","AROM-GREJPFR","AROM-TRUSKAWKOWY","A-Vista","BARI","BARWNIK DO TULEJEK","BATERIA UMYWALKOWA 203","BATERIA WANNOWA","BATERIA ZLEWOZMYWAKOWA","BENZYNA EKSTRAKCYJNA","BLACHA DD11 GR3MM","BLAT BIAŁY 302X292X16 LAK BIAŁY EL011621","BLAT DO STOŁU DĘBOWEGO","BLAT DO STOŁU DĘBOWEGO POLAKIEROWANY","BOK LE.BIAŁA.800X270X16 LAK BIA EL003447","BOK LEWY STANDU","BOK PR.BIAŁA.800X270X16 LAK BIA EL003446","BOK PRAWY STANDU","BRAMA ROLETOWA","BRAMA UCHYLNA","BROTHER - DCP","BUTELKA 0,5 L","BUTELKA 0,5 L.","BUTELKA 0,75 L.","BUTELKA 1,0 L.","BUTELKA Z KORKIEM","CAMPINA DUST 60X60","CANELLA STEEL490X300X10 MM","CANON - PIXMA","CEBULA SMAŻONA","CHWYT DRZWIOWY","CHWYT DRZWIOWY 1200","CHWYT DRZWIOWY 1200 DO MALOWANIA","CHWYT DRZWIOWY DO CIĘCIA","CHWYT DRZWIOWY DO MALOWANIA","CIASTO","CIĄGNIK ROLNICZY CM110GX","CIĄGNIK ROLNICZY CM135GX","CIĄGNIK ROLNICZY- ZESTAW K+O","CISOWIANKA 1,5 L","CIŚNIENIOMIERZ PRZEMYSŁOWY","CITY BUGAT 60X60 GAT.I","CYLINDER","CYLINDER TŁOKOWY - PROTOTYP","DELICJE POMARAŃCZOWE","DEMONTAŻ","DESKA DĘBOWA 150X100","DESKA DĘBOWA 150X20","DETAL - GROT","DETAL B-13.152","DETAL C-10.092","DETAL C-220","DŁUGOPIS INKJOY 300 RT","DOMOWA","DRUT NAWOJOWY OKRĄGŁY 3 MM","DRZWI UN.BIAŁA 768X296X16 LAK BIAŁY EL00","DUŻA PÓŁKA","DYSTRYBUTOR DUŻY","DYSZA CIŚNIENIOWA A3","EKOTUBA","EKSPRES DO KAWY ESPRESSO","ELEMENT WYPALAJĄCY ZIARNO","ELEMENT WZMACNIAJĄCY (BOK 1)","ELEMENT WZMACNIAJĄCY (BOK2)","EPSON - BUSINESS INKJET","EPSON - STYLUS","ESPRESSO","ESPRESSO ROZPUSZCZALNA","ETYKIETA JOGURT TRUSKAWKOWY BIEDRONKA","ETYKIETA JOGURT TRUSKAWKOWY JAGR","ETYKIETA JOGURT TRUSKAWKOWY TESCO","FAEMA E71","FARBA PANTONE 511","FARBA PROSZKOWA","FILTR POWIETRZA","FLIPCHART","FOLIA - CIASTKA","FOLIA - RĘKAW","FOLIA ALUMINIOWA LAM.","FOLIA MALARSKA 4X5","FORMA 01D","FORMA 05D","FORMA 07D","FORNIR","FRONT","GABEL 600.400.01.1/3","GALAPER 200 EC 1L","GALAPER 200 EC 5L","GALAPER STRONG - ZESTAW DUŻY","GALAPER STRONG - ZESTAW MAŁY","GALMET 20 SG 250G","GALMET 20 SG 50G","GAZ MIX ARGON","GERDA CL 1904 AX 1/360","GERDA WK M4","GERDA WK M4 Z","GŁOWICA EKSPRESU","GŁOWICA STERUJĄCA","GNIAZDO PODŁOGOWE","GNIAZDO ŚCIENNE","GRU-.DR-D-Z-000","GRU-DRZ-D-W-000","GRU-DRZ-D-W-001","GRU-DRZ-D-W-002","GRU-DRZ-D-Z-000","GRU-DRZ-D-Z-001","GRU-DRZ-D-Z-002","GRU-DRZ-D-Z-003","GRU-DRZ-D-Z-004","GRU-DRZ-D-Z-005","GRU-DRZ-D-Z-006","GRU-DRZ-D-Z-007","GRU-DRZ-D-Z-008","GRU-DRZ-D-Z-009","GRU-DRZ-D-Z-010","GRU-DRZ-D-Z-011","GRU-DRZ-D-Z-012","GRU-DRZ-D-Z-013","GRU-DRZ-D-Z-014","GRU-DRZ-D-Z-015","GRU-DRZ-D-Z-016","GRU-DRZ-D-Z-017","GRU-DRZ-D-Z-018","GRU-DRZ-D-Z-019","GRU-DRZ-D-Z-020","GRU-DRZ-D-Z-021","GRU-DRZ-D-Z-022","GRU-DRZ-D-Z-023","GRU-DRZ-D-Z-024","GRU-DRZ-D-Z-026","GRU-DRZ-D-Z-027","GRZAŁKA WODY","GULASZ WIEPRZOWY","HUELSE 600.400.01.1/2","I73349/03 UW AC 100 NEW KPL","JOGURT - MASA","JOGURT DO OCHŁODZENIA","JOGURT OCHŁODZONY","JOGURT TRUSKAWKOWY DO ETYKIETOWANIA","JOGURT TRUSKAWKOWY MASA","JUMBO ROLA - FOLIA SIATKA POLIETYLEN","JUMBO ROLA PAPIER","KABINA PRYSZNICOWA","KABINA PRYSZNICOWA DOUBLE","KALLIO TAR 490X300X10 MM","KANTÓWKA  80X60","KANTÓWKA 98X80","KARTON EKSPOZYCYJNY","KARTON PRZEWODNI NADRUK (NIESKLEJONY)","KARTON PRZEWODNI NADRUK FLEXO","KARTON WEWNĘTRZNY 9","KARTON WEWNĘTRZNY A","KARTON WEWNĘTRZNY A (NIESKLEJONY)","KARTON WEWNĘTRZNY B","KARTON WEWNĘTRZNY B (NIESKLEJONY)","KARTON WEWNĘTRZNY C","KARTON WEWNĘTRZNY C (NIESKLEJONY)","KAUCZUK NAT. TSR.","KAWA JACOBS 200G","KAWA NESCAFE CREME 200G","KIEŁBASA TORUŃSKA","KLAMKA","KLAMKA ESMERALDA","KLAMKA PELAGIA","KLAMKA RAFAELLA","KLAMKA VICTORIA","KLEJ","KLEJ DO LINII TECHN.","KLUCZ NASADOWY","KLUCZE KOMPLET","KŁÓDKA WZMOCNIONA TRZPIENIOWA","KOLBENROHR 600.400.01.1","KOŁO PRZÓD","KOŁO PRZÓD 2","KOŁO TYŁ","KOŁO TYŁ 2","KOMBINERKI","KOMPAKT WC","KOMPLET NARZĘDZI","KONCENTRAT JABŁKOWY","KONCENTRAT POMARAŃCZOWY","KONCENTRAT WIELOOWOCOWY","KOTLET SCHABOWY Z KAPUSTĄ I ZIEMNIAKAMI","KRATKA MALARSKA","KRATKA_PAST","KREM","KROCIEC GP1","KUBEK JOGURT TRUSKAWKOWY","KUBEK ŚMIETANA","KURCZAK DUŻY","KURCZAK DUŻY POW. 1,6 KG","KURCZAK GRILLOWY 1-1,2 KG","KURCZAK HANDLOWY 1,3-1,6 KG","KURCZAK HODOWLANY","KURCZAK KONFISKATY","KURCZAK PADŁY","KURCZAK POUBOJOWY","KURCZAK ŚWIEŻY KL. I","KURCZAK ŚWIEŻY KL. II","KURCZAK ŻYWY KL. I","KURCZAK ŻYWY KL. II","KURCZAK ŻYWY ZDROWY","KUREK PARY","KUWETA 18\"","KWAS SIARKOWY","KWAS-L-ASKORB","KWAŚNY WĘGLAN AMONU","KWAŚNY WĘGLAN SODU","LAKIER POLIURETANOWY DO DREWNA","LAMINAT","LIN ŻYWY","LISTEK WAFLOWY","LORD","ŁĄCZNIK METALOWY","ŁOM LISTKA WAFLOWEGO","ŁOM NADZIEWANY","ŁOM PRZEKŁADANY","ŁOM SUCHY LISTKA","ŁOSOŚ NORWESKI MROŻONY","ŁUKI","M0001","M0002","M0003","M0004","M0005","M0006","MAKRELA DO WĘDZENIA","MAKRELA MROŻONA","MAKRELA ODLODOWANA","MAKRELA PATROSZONA","MAKRELA PATROSZONA I WYPŁUKANA","MAKRELA ROZMROŻONA","MAKRELA WĘDZONA","MAKRELA WĘDZONA PAKOWANA PRÓŻNIOWO","MAKRELA WĘDZONA PAKOWANA PRÓŻNIOWO LUZ","MALOWANIE","MAŁA PÓŁKA","MARMUR","MASŁO MASA","MAŚLANKA","MATERIAŁ POMOCNICZY","MĄCZKA ORZECHOWA","MĄKA OWSIANA","MDF","MIĘSO WIEPRZOWE","MIGDAŁY","MILANO","MISKA WC WISZĄCA","MLEKO ODTŁUSZCZONE","MLEKO PASTERYZOWANE","MŁOTEK","MONTAŻ","MORRENO","NADRUK OFFSETOWY (STAND EURO2012)","NAROŻNIK ABS","NAWIERZCHNIA UV","NOGA DO STOŁU DĘBOWEGO","NOGA DO STOŁU DĘBOWEGO POLAKIEROWANA","NOWA ŚMIETANA","NÓŻ OBRĄCZKOWY METALOWY","NÓŻ TOKARSKI","OBRÓBKA CIEPLNA","OBRZEŻE BIAŁE ABS 19X1 100%","OBRZEŻE BIAŁE GŁADKIE 19X0.8","OBUDOWA EKSPRESU","OBUDOWA FAEMA E71","ODF","ODF 1A","ODF 1A + PANEL","ODF 1B","ODF 1C","ODKUWKA SPKK_80X80-18G2A-N","ODLEW_KRATKI","ODPAD NIEUŻYTKOWY","ODPAD PATROSZENIA","ODPŁYW KANALIZACYJNY","OKNO T1","OKNO T2","OLEJ HYDRAULICZNY","OLEJ PARAFINOWY","OLEJ ROŚLINNY","OLEJ RZEPAKOWY","OLEJ SPOŻYWCZY","OLEW_KRATKI","OŁÓW 1","OŁÓW 2","OPAKOWANIE NA ZESTAW NACZYŃ","OPAKOWANIE T1","OPAKOWANIE USZKODZONE","ORZECHY LASKOWE BLANSZOWANE","ORZECHY LASKOWE PRAŻONE","ORZECHY ŁUSKANE","ORZECHY WŁOSKIE","ORZECHY WŁOSKIE ŁUSKANE","ORZECHY ZIEMNE 38/42 BRAZYLIA","ORZECHY ZIEMNE KROJONE","ORZECHY ZIEMNE PRAŻONE KROJONE","OSP.C.C2","OSP.CX.LUX","PALETA","PALETKA NA SPÓD","PANEL","PAPIER","PAPIER A4 500 ARKUSZY","PAPIER A4 EKOLOGICZNY","PASTA AKUMLATOROWA -","PASTA AKUMLATOROWA +","PCV","PIASTA ROWEROWA","PIASTA ROWEROWA 2","PIEROGI Z MIĘSEM 400G","PIEROGI Z MIĘSEM OPAK-4KG","PIŁA BAHCO + KABURA","PISTACJE","PIWO CIEMNE 6,5%","PIWO JASNE 5,5%","PLACKI ZIEMNIACZANE SOLO 400G","PLATYNKA","PŁ. WIÓR. B. 16 LAK","PŁ. WIÓR. B. PLATYNOWA 16MM 2XLAM","PŁATKI OWSIANE GÓRSKIE","PŁYTA AKUMULATOROWA -","PŁYTA AKUMULATOROWA +","PŁYTA HDF SUROWA 3MM 100-0-120-000003","PŁYTA STANDARD","PŁYTA WAFLOWA","PŁYTKA - TYP AD","PŁYTKA CNMG","PŁYTKA CNMM-2","PŁYTKA CNUA","PŁYTKA DNMA","PŁYTKA -TYP AE","PŁYTKA TYP-A","PN 1: ODF 1A","PN 2: PANEL","PN 3: ODF 1B","PODKŁAD PROMOTOR UV","PODKŁADKA TWORZYWOWA 24.2X19.8X1.2","PODKŁADKA TWORZYWOWA 24.2X19.8X1.8","POJEMNIK DROBIOWY 12 KG","POM","PÓŁFABRYKAT CIASTEK WYPIECZONYCH","PÓŁKA BIAŁA 267X245X16 EL011623","PÓŁTUSZE","PREMIUM ROZPUSZCZALNA","PRĘT METALOWY 21MM","PRĘT OKRĄGŁY CIĄGNIONY D=18","PRĘT OKRĄGŁY CIĄGNIONY D=36","PRĘT OKRĄGŁY E235 D90 3000 - OBR. KOŃC.","PRĘT OKRĄGŁY E235 D90 3000 DO CIĄGNIENIA","PROFIL 18X18 3M","PROFIL 18X18 6M","PROFIL 25X15 6M","PROFIL ALUMINIOWY 3M","PROSTOWANIE RUR","PROSZEK OŁOWIU","PROWADNICA","PRZECIĄGANIE RUR","PRZEKŁADKA TEKTUROWA 270X230","PRZEKŁADNIK PRĄDOWY","PRZEWÓD EKRANOWANY FI2","PRZĘSŁO 2M - OCYNKOWANE","PRZĘSŁO 2M - SUROWE","PRZYCIĘTY NA WYMAR WKŁAD DO STOJAKA","PRZYCIĘTY NA WYMIAR PRĘT","PSTRĄG ŻYWY","PSZENICA KONSUMPCYJNA","PSZENICA PASZOWA","PUSZKA FI10","RAMA STOJAKA METALOWEGO","RANT BOKU","RASTBOLZEN 600.400.01.1/4","REGRANULAT POLIETYLEN. KOLOR X","RODZINNA","ROWER","ROWER 2","ROZDZIELNICA NN SIEMENS","ROZŁADUNEK","RURA CYLINDROWA B/SZW/ 35X5 H9","RURA CYLINDROWA B/SZW/ 40X5 H9","RURA E235 D6 G1 DO CIĘCIA NA WYMIAR","RURA E235 D6 G1 DO PROSTOWANIA","RURA E235 D6 G1 DO WYŻARZANIA","RURKA KPL. GP1","RYGIEL ZWYKŁY 12VDC","SAMOZAMYKACZ GTS 2000V/2000V Z BLOKADĄ","SANDACZ ŻYWY","SEKATOR GREENMIL","SEKATOR NOŻYCOWY FISKARS","SER GOUDA","SERWATKA","SIATKA FILTRACYJNA","SILIKON SOUDAL","SILIKON TYTAN","SKRZYDŁO SENATOR","SKRZYNKA","SŁONINA","SMALEC WIEPRZOWY","SORBINIAN POTASU","SÓL MORSKA","SPIENIACZ","STALOWA PODKŁADKA SPRĘŻYSTA 23.7X18.3X2","STAND REKLAMOWY EURO","STELAŻ MONTAŻOWY","STOJAK REKLAMOWY - METALOWY","STÓŁ DĘBOWY","SUWAK B","SYROP-WIELOWOWOC","SYROP-WIELOWOWOC 1002","SYSTEMHULSE 600.400.01.1/1","SZAFA ZNOR2-ML3F/6P","SZAFKA 2.S.164311","SZPACHELKA","SZYBA ZESPOLONA","SZYLD WEW. OWALNY 35 MM PZ 92","SZYLD ZEWNĘTRZNY OWALNY SZER. 35MM PZ92","ŚCIANA TYLNIA STAND EURO2012 (KASZ.)","ŚCIANA TYLNIA STANDU","ŚMIETANA DO ZMAŚLANIA","ŚMIETANA KREMÓWKA DO KJ","ŚMIETANA KREMÓWKA LUZ","ŚMIETANKA","ŚMIETANKA DO DOJRZEWANIA","ŚMIETANKA DO HOMOGENIZACJI","ŚMIETANKA DO PASTERYZACJI","ŚMIETANKA DO SZCZEPIENIA","ŚRUBA OZDOBNA 15MM","ŚRUBA WIKING","ŚRUT METALOWY","TARCICA","TARCZA","TAŚMA STALOWA","TEKSTURAT SOJOWY","TEKTURA","TEKTURA LITA 230 G/M2","TEKTURA LITA 275 G/M2","TEKTURA LITA 290 G/M2","TELEWIZOR","TELEWIZOR 32S32T7","TELEWIZOR 40S38T7","TELEWIZOR 46S38T7","TŁOCZYSKO","TŁOK","TŁOK. CJ","TŁUSZCZ ROŚLINNY","TOŁPYGA ŻYWA","TOPPER","TORINO","TOSCANIA","TRALKA - 18X18","TRANSFORMATOR TR.20151.3","TRANSPORT","TRANSPORT MASZYNY","TRZPIEŃ 8X130","TRZPIEŃ DO BY-PASSU","TULEJKA TWORZYWOWA 22.8X18.2X5.8","TULEJKA ZNALOWA 10.4","TULEJKA ZNALOWA 9.9","TUSZ BLACK","TUSZ CYAN","UDKA Z KURCZAKA 2 SZT.","UMYWALKA OWALNA","UMYWALKA PROSTOKĄTNA","UMYWALKA Z SZAFKĄ","URZĄDZENIE_2","URZĄDZENIE_3","URZĄDZENIE_4","USZCZELKA","USZKODZONY CHWYT","USZKODZONY CHWYT DRZWIOWY","UTWARDZACZ","VELVET ROZPUSZCZALNA","W0001","W0002","W0003","W0004","WAFLE KAKAOWE 500G","WAFLE SUCHE TORTOWE 180G 5,1MM","WAŁEK MALARSKI 180","WANNA PROSTOKĄTNA","WANNA WOLNOSTOJĄCA","WANNA Z HYDROMASAŻEM","WIENIEC DL.BIAŁA 268X249X16 DE. EL011624","WIERTARKA UDAROWA","WIÓRKI KOKOSOWE","WKŁAD DO PALETKI NA SPÓD","WKŁAD DO PÓŁKI","WKRĘT DO MOCOWANIA STELAŻA","WKRĘT M5","WKRĘT PŁASKI 12MM","WKRĘTAK KRZYŻOWY","WKRĘTAK PŁASKI","WŁĄCZNIK EKSPRESU","WODA","WODA 0,66 NIEGAZ","WODA 1,25 NIEGAZ","WODA DEMI","WODOROWĘGLAN SODU","WSAD - PRĘT OKRĄGŁY C45E D90 3000 MM","WSAD - PRĘT OKRĄGŁY E235 D115 3000","WSAD - PRĘT OKRĄGŁY E235 D145 3000","WSAD - PRĘT OKRĄGŁY E235 D90 3000","WSAD - PRĘT OKRĄGŁY E255 D90 3000","WSAD - PRĘT OKRĄGŁY E355 D90 3000 MM","WSAD TRUSKAWKOWY 8%","WSKAŹNIK WŁĄCZENIA","WYKROJNIK","WYŁĄCZNIK","WYMIANA SIATKI FILTRACYJNEJ","WYMIANA ZAWORU ROZPRĘŻAJĄCEGO","WYRÓB UTRACONY","X00-00-00124-00-00068","X00-01-00075-19-00010","X00-02-00178-05-00024","X00-02-00178-05-00147","X00-02-02805-06-00001","X00-03-05066-03-00040","X00-05-00075-19-00007","X00-05-00799-03-30007","X00-05-00799-09-00004","X00-05-00888-02-00003","X00-05-01573-05-00144","X00-05-09275-01-00116","X00-05-15033-05-00002","X00-05-15033-05-00294","X00-05-15033-05-20283","X00-08-01677-01-00079","X00-09-06626-01-00040","X00-09-06626-02-00011","X00-09-06626-05-00001","X00-09-06626-05-00003","X00-10-02805-05-00008","X00-10-02805-06-00001","X00-11-02805-01-00026","X00-11-02805-03-00008","X00-12-00008-03-00035","X00-16-30545-02-00043","ZACZEP BEZPIECZEŃSTWA","ZAKWAS","ZASUWNICA","ZAWIAS DOLNY","ZAWIAS GÓRNY","ZBIORNIK NA WODĘ","ZESTAW MALARSKI MICROFIBRA BLUEDOLPHIN","ZESTAW MORRENO","ZGARY","ZGRZEWKA 12X0,66 GAZ","ZGRZEWKA 6X1,25 GAZ","ZGRZEWKA 6X1,25 GAZ 5+1","ZIARNO KAWY ARABICA","ZIARNO MASŁA","ZIARNO MASŁA DO WYGNIATANIA","ZIEMNE 38/42 ARGENTYNA","ZIEMNE 38/42 CHINY","ŻERDŹ","ŻYWICA"]},"I":"0"}
SignalR.Transports.TransportHeartBeat Verbose: 0 : KeepAlive(4d93ddef-97dc-4549-8186-76f1dfec1879)
SignalR.Transports.WebSocketTransport Information: 0 : Abort(4d93ddef-97dc-4549-8186-76f1dfec1879)
SignalR.Transports.TransportHeartBeat Information: 0 : Removing connection 4d93ddef-97dc-4549-8186-76f1dfec1879
SignalR.Transports.WebSocketTransport Information: 0 : End(4d93ddef-97dc-4549-8186-76f1dfec1879)
SignalR.Transports.WebSocketTransport Verbose: 0 : DrainWrites(4d93ddef-97dc-4549-8186-76f1dfec1879)
SignalR.Transports.WebSocketTransport Information: 0 : CompleteRequest (4d93ddef-97dc-4549-8186-76f1dfec1879)
SignalR.Transports.WebSocketTransport Information: 0 : CloseSocket(4d93ddef-97dc-4549-8186-76f1dfec1879)
SignalR.Transports.TransportHeartBeat Information: 0 : Connection 36d2a53b-cd1a-454e-8c1d-6e9c91ae53a7 is New.
SignalR.Transports.WebSocketTransport Verbose: 0 : Sending outgoing message. Connection id: 36d2a53b-cd1a-454e-8c1d-6e9c91ae53a7, transport: WebSocketTransport, message: {"C":"d-9D64DC34-B,0|E,0|F,1","S":1,"M":[]}
SignalR.Transports.WebSocketTransport Verbose: 0 : Sending outgoing message. Connection id: 36d2a53b-cd1a-454e-8c1d-6e9c91ae53a7, transport: WebSocketTransport, message: {"R":{"Suppliers":["ARSMOX MARINE","BCB","BRAKSTON","CERTINO AGROSTE","GREEN CIRCLE","JASMIX","KONSTERMPOL","RR_GRZEGORZ_MAŚLAK","RR_RAFAŁ_STACHOWIAK","STANMEXPOL","UPS","ZYX","AGROROL MAXTOP","BUDSAMTOP","CDC","CLEMONT PARIS","DEMO","FISKVINNSLA VEIDARFÉ","FREXI BURIST","FRUSTING","KIELPOL","SVGF POLAND","TARNODREW","UGRANDA"],"Warehouses":["KRK","MAG","MAG PÓŁPR","MAG SUR","MAG WGT","REKL","WMS","WMS2"],"Products":["ADAPTER PRZELOTOWY","AKCESORIA OKUWANE","AKCESORIA PAKOWANE","AKUMULATOR","ALMG3","ARABICA","ARKUSZ ALUMINIUM 240X240 CM","AROM-GREJPFR","AROM-TRUSKAWKOWY","A-Vista","BARI","BARWNIK DO TULEJEK","BATERIA UMYWALKOWA 203","BATERIA WANNOWA","BATERIA ZLEWOZMYWAKOWA","BENZYNA EKSTRAKCYJNA","BLACHA DD11 GR3MM","BLAT BIAŁY 302X292X16 LAK BIAŁY EL011621","BLAT DO STOŁU DĘBOWEGO","BLAT DO STOŁU DĘBOWEGO POLAKIEROWANY","BOK LE.BIAŁA.800X270X16 LAK BIA EL003447","BOK LEWY STANDU","BOK PR.BIAŁA.800X270X16 LAK BIA EL003446","BOK PRAWY STANDU","BRAMA ROLETOWA","BRAMA UCHYLNA","BROTHER - DCP","BUTELKA 0,5 L","BUTELKA 0,5 L.","BUTELKA 0,75 L.","BUTELKA 1,0 L.","BUTELKA Z KORKIEM","CAMPINA DUST 60X60","CANELLA STEEL490X300X10 MM","CANON - PIXMA","CEBULA SMAŻONA","CHWYT DRZWIOWY","CHWYT DRZWIOWY 1200","CHWYT DRZWIOWY 1200 DO MALOWANIA","CHWYT DRZWIOWY DO CIĘCIA","CHWYT DRZWIOWY DO MALOWANIA","CIASTO","CIĄGNIK ROLNICZY CM110GX","CIĄGNIK ROLNICZY CM135GX","CIĄGNIK ROLNICZY- ZESTAW K+O","CISOWIANKA 1,5 L","CIŚNIENIOMIERZ PRZEMYSŁOWY","CITY BUGAT 60X60 GAT.I","CYLINDER","CYLINDER TŁOKOWY - PROTOTYP","DELICJE POMARAŃCZOWE","DEMONTAŻ","DESKA DĘBOWA 150X100","DESKA DĘBOWA 150X20","DETAL - GROT","DETAL B-13.152","DETAL C-10.092","DETAL C-220","DŁUGOPIS INKJOY 300 RT","DOMOWA","DRUT NAWOJOWY OKRĄGŁY 3 MM","DRZWI UN.BIAŁA 768X296X16 LAK BIAŁY EL00","DUŻA PÓŁKA","DYSTRYBUTOR DUŻY","DYSZA CIŚNIENIOWA A3","EKOTUBA","EKSPRES DO KAWY ESPRESSO","ELEMENT WYPALAJĄCY ZIARNO","ELEMENT WZMACNIAJĄCY (BOK 1)","ELEMENT WZMACNIAJĄCY (BOK2)","EPSON - BUSINESS INKJET","EPSON - STYLUS","ESPRESSO","ESPRESSO ROZPUSZCZALNA","ETYKIETA JOGURT TRUSKAWKOWY BIEDRONKA","ETYKIETA JOGURT TRUSKAWKOWY JAGR","ETYKIETA JOGURT TRUSKAWKOWY TESCO","FAEMA E71","FARBA PANTONE 511","FARBA PROSZKOWA","FILTR POWIETRZA","FLIPCHART","FOLIA - CIASTKA","FOLIA - RĘKAW","FOLIA ALUMINIOWA LAM.","FOLIA MALARSKA 4X5","FORMA 01D","FORMA 05D","FORMA 07D","FORNIR","FRONT","GABEL 600.400.01.1/3","GALAPER 200 EC 1L","GALAPER 200 EC 5L","GALAPER STRONG - ZESTAW DUŻY","GALAPER STRONG - ZESTAW MAŁY","GALMET 20 SG 250G","GALMET 20 SG 50G","GAZ MIX ARGON","GERDA CL 1904 AX 1/360","GERDA WK M4","GERDA WK M4 Z","GŁOWICA EKSPRESU","GŁOWICA STERUJĄCA","GNIAZDO PODŁOGOWE","GNIAZDO ŚCIENNE","GRU-.DR-D-Z-000","GRU-DRZ-D-W-000","GRU-DRZ-D-W-001","GRU-DRZ-D-W-002","GRU-DRZ-D-Z-000","GRU-DRZ-D-Z-001","GRU-DRZ-D-Z-002","GRU-DRZ-D-Z-003","GRU-DRZ-D-Z-004","GRU-DRZ-D-Z-005","GRU-DRZ-D-Z-006","GRU-DRZ-D-Z-007","GRU-DRZ-D-Z-008","GRU-DRZ-D-Z-009","GRU-DRZ-D-Z-010","GRU-DRZ-D-Z-011","GRU-DRZ-D-Z-012","GRU-DRZ-D-Z-013","GRU-DRZ-D-Z-014","GRU-DRZ-D-Z-015","GRU-DRZ-D-Z-016","GRU-DRZ-D-Z-017","GRU-DRZ-D-Z-018","GRU-DRZ-D-Z-019","GRU-DRZ-D-Z-020","GRU-DRZ-D-Z-021","GRU-DRZ-D-Z-022","GRU-DRZ-D-Z-023","GRU-DRZ-D-Z-024","GRU-DRZ-D-Z-026","GRU-DRZ-D-Z-027","GRZAŁKA WODY","GULASZ WIEPRZOWY","HUELSE 600.400.01.1/2","I73349/03 UW AC 100 NEW KPL","JOGURT - MASA","JOGURT DO OCHŁODZENIA","JOGURT OCHŁODZONY","JOGURT TRUSKAWKOWY DO ETYKIETOWANIA","JOGURT TRUSKAWKOWY MASA","JUMBO ROLA - FOLIA SIATKA POLIETYLEN","JUMBO ROLA PAPIER","KABINA PRYSZNICOWA","KABINA PRYSZNICOWA DOUBLE","KALLIO TAR 490X300X10 MM","KANTÓWKA  80X60","KANTÓWKA 98X80","KARTON EKSPOZYCYJNY","KARTON PRZEWODNI NADRUK (NIESKLEJONY)","KARTON PRZEWODNI NADRUK FLEXO","KARTON WEWNĘTRZNY 9","KARTON WEWNĘTRZNY A","KARTON WEWNĘTRZNY A (NIESKLEJONY)","KARTON WEWNĘTRZNY B","KARTON WEWNĘTRZNY B (NIESKLEJONY)","KARTON WEWNĘTRZNY C","KARTON WEWNĘTRZNY C (NIESKLEJONY)","KAUCZUK NAT. TSR.","KAWA JACOBS 200G","KAWA NESCAFE CREME 200G","KIEŁBASA TORUŃSKA","KLAMKA","KLAMKA ESMERALDA","KLAMKA PELAGIA","KLAMKA RAFAELLA","KLAMKA VICTORIA","KLEJ","KLEJ DO LINII TECHN.","KLUCZ NASADOWY","KLUCZE KOMPLET","KŁÓDKA WZMOCNIONA TRZPIENIOWA","KOLBENROHR 600.400.01.1","KOŁO PRZÓD","KOŁO PRZÓD 2","KOŁO TYŁ","KOŁO TYŁ 2","KOMBINERKI","KOMPAKT WC","KOMPLET NARZĘDZI","KONCENTRAT JABŁKOWY","KONCENTRAT POMARAŃCZOWY","KONCENTRAT WIELOOWOCOWY","KOTLET SCHABOWY Z KAPUSTĄ I ZIEMNIAKAMI","KRATKA MALARSKA","KRATKA_PAST","KREM","KROCIEC GP1","KUBEK JOGURT TRUSKAWKOWY","KUBEK ŚMIETANA","KURCZAK DUŻY","KURCZAK DUŻY POW. 1,6 KG","KURCZAK GRILLOWY 1-1,2 KG","KURCZAK HANDLOWY 1,3-1,6 KG","KURCZAK HODOWLANY","KURCZAK KONFISKATY","KURCZAK PADŁY","KURCZAK POUBOJOWY","KURCZAK ŚWIEŻY KL. I","KURCZAK ŚWIEŻY KL. II","KURCZAK ŻYWY KL. I","KURCZAK ŻYWY KL. II","KURCZAK ŻYWY ZDROWY","KUREK PARY","KUWETA 18\"","KWAS SIARKOWY","KWAS-L-ASKORB","KWAŚNY WĘGLAN AMONU","KWAŚNY WĘGLAN SODU","LAKIER POLIURETANOWY DO DREWNA","LAMINAT","LIN ŻYWY","LISTEK WAFLOWY","LORD","ŁĄCZNIK METALOWY","ŁOM LISTKA WAFLOWEGO","ŁOM NADZIEWANY","ŁOM PRZEKŁADANY","ŁOM SUCHY LISTKA","ŁOSOŚ NORWESKI MROŻONY","ŁUKI","M0001","M0002","M0003","M0004","M0005","M0006","MAKRELA DO WĘDZENIA","MAKRELA MROŻONA","MAKRELA ODLODOWANA","MAKRELA PATROSZONA","MAKRELA PATROSZONA I WYPŁUKANA","MAKRELA ROZMROŻONA","MAKRELA WĘDZONA","MAKRELA WĘDZONA PAKOWANA PRÓŻNIOWO","MAKRELA WĘDZONA PAKOWANA PRÓŻNIOWO LUZ","MALOWANIE","MAŁA PÓŁKA","MARMUR","MASŁO MASA","MAŚLANKA","MATERIAŁ POMOCNICZY","MĄCZKA ORZECHOWA","MĄKA OWSIANA","MDF","MIĘSO WIEPRZOWE","MIGDAŁY","MILANO","MISKA WC WISZĄCA","MLEKO ODTŁUSZCZONE","MLEKO PASTERYZOWANE","MŁOTEK","MONTAŻ","MORRENO","NADRUK OFFSETOWY (STAND EURO2012)","NAROŻNIK ABS","NAWIERZCHNIA UV","NOGA DO STOŁU DĘBOWEGO","NOGA DO STOŁU DĘBOWEGO POLAKIEROWANA","NOWA ŚMIETANA","NÓŻ OBRĄCZKOWY METALOWY","NÓŻ TOKARSKI","OBRÓBKA CIEPLNA","OBRZEŻE BIAŁE ABS 19X1 100%","OBRZEŻE BIAŁE GŁADKIE 19X0.8","OBUDOWA EKSPRESU","OBUDOWA FAEMA E71","ODF","ODF 1A","ODF 1A + PANEL","ODF 1B","ODF 1C","ODKUWKA SPKK_80X80-18G2A-N","ODLEW_KRATKI","ODPAD NIEUŻYTKOWY","ODPAD PATROSZENIA","ODPŁYW KANALIZACYJNY","OKNO T1","OKNO T2","OLEJ HYDRAULICZNY","OLEJ PARAFINOWY","OLEJ ROŚLINNY","OLEJ RZEPAKOWY","OLEJ SPOŻYWCZY","OLEW_KRATKI","OŁÓW 1","OŁÓW 2","OPAKOWANIE NA ZESTAW NACZYŃ","OPAKOWANIE T1","OPAKOWANIE USZKODZONE","ORZECHY LASKOWE BLANSZOWANE","ORZECHY LASKOWE PRAŻONE","ORZECHY ŁUSKANE","ORZECHY WŁOSKIE","ORZECHY WŁOSKIE ŁUSKANE","ORZECHY ZIEMNE 38/42 BRAZYLIA","ORZECHY ZIEMNE KROJONE","ORZECHY ZIEMNE PRAŻONE KROJONE","OSP.C.C2","OSP.CX.LUX","PALETA","PALETKA NA SPÓD","PANEL","PAPIER","PAPIER A4 500 ARKUSZY","PAPIER A4 EKOLOGICZNY","PASTA AKUMLATOROWA -","PASTA AKUMLATOROWA +","PCV","PIASTA ROWEROWA","PIASTA ROWEROWA 2","PIEROGI Z MIĘSEM 400G","PIEROGI Z MIĘSEM OPAK-4KG","PIŁA BAHCO + KABURA","PISTACJE","PIWO CIEMNE 6,5%","PIWO JASNE 5,5%","PLACKI ZIEMNIACZANE SOLO 400G","PLATYNKA","PŁ. WIÓR. B. 16 LAK","PŁ. WIÓR. B. PLATYNOWA 16MM 2XLAM","PŁATKI OWSIANE GÓRSKIE","PŁYTA AKUMULATOROWA -","PŁYTA AKUMULATOROWA +","PŁYTA HDF SUROWA 3MM 100-0-120-000003","PŁYTA STANDARD","PŁYTA WAFLOWA","PŁYTKA - TYP AD","PŁYTKA CNMG","PŁYTKA CNMM-2","PŁYTKA CNUA","PŁYTKA DNMA","PŁYTKA -TYP AE","PŁYTKA TYP-A","PN 1: ODF 1A","PN 2: PANEL","PN 3: ODF 1B","PODKŁAD PROMOTOR UV","PODKŁADKA TWORZYWOWA 24.2X19.8X1.2","PODKŁADKA TWORZYWOWA 24.2X19.8X1.8","POJEMNIK DROBIOWY 12 KG","POM","PÓŁFABRYKAT CIASTEK WYPIECZONYCH","PÓŁKA BIAŁA 267X245X16 EL011623","PÓŁTUSZE","PREMIUM ROZPUSZCZALNA","PRĘT METALOWY 21MM","PRĘT OKRĄGŁY CIĄGNIONY D=18","PRĘT OKRĄGŁY CIĄGNIONY D=36","PRĘT OKRĄGŁY E235 D90 3000 - OBR. KOŃC.","PRĘT OKRĄGŁY E235 D90 3000 DO CIĄGNIENIA","PROFIL 18X18 3M","PROFIL 18X18 6M","PROFIL 25X15 6M","PROFIL ALUMINIOWY 3M","PROSTOWANIE RUR","PROSZEK OŁOWIU","PROWADNICA","PRZECIĄGANIE RUR","PRZEKŁADKA TEKTUROWA 270X230","PRZEKŁADNIK PRĄDOWY","PRZEWÓD EKRANOWANY FI2","PRZĘSŁO 2M - OCYNKOWANE","PRZĘSŁO 2M - SUROWE","PRZYCIĘTY NA WYMAR WKŁAD DO STOJAKA","PRZYCIĘTY NA WYMIAR PRĘT","PSTRĄG ŻYWY","PSZENICA KONSUMPCYJNA","PSZENICA PASZOWA","PUSZKA FI10","RAMA STOJAKA METALOWEGO","RANT BOKU","RASTBOLZEN 600.400.01.1/4","REGRANULAT POLIETYLEN. KOLOR X","RODZINNA","ROWER","ROWER 2","ROZDZIELNICA NN SIEMENS","ROZŁADUNEK","RURA CYLINDROWA B/SZW/ 35X5 H9","RURA CYLINDROWA B/SZW/ 40X5 H9","RURA E235 D6 G1 DO CIĘCIA NA WYMIAR","RURA E235 D6 G1 DO PROSTOWANIA","RURA E235 D6 G1 DO WYŻARZANIA","RURKA KPL. GP1","RYGIEL ZWYKŁY 12VDC","SAMOZAMYKACZ GTS 2000V/2000V Z BLOKADĄ","SANDACZ ŻYWY","SEKATOR GREENMIL","SEKATOR NOŻYCOWY FISKARS","SER GOUDA","SERWATKA","SIATKA FILTRACYJNA","SILIKON SOUDAL","SILIKON TYTAN","SKRZYDŁO SENATOR","SKRZYNKA","SŁONINA","SMALEC WIEPRZOWY","SORBINIAN POTASU","SÓL MORSKA","SPIENIACZ","STALOWA PODKŁADKA SPRĘŻYSTA 23.7X18.3X2","STAND REKLAMOWY EURO","STELAŻ MONTAŻOWY","STOJAK REKLAMOWY - METALOWY","STÓŁ DĘBOWY","SUWAK B","SYROP-WIELOWOWOC","SYROP-WIELOWOWOC 1002","SYSTEMHULSE 600.400.01.1/1","SZAFA ZNOR2-ML3F/6P","SZAFKA 2.S.164311","SZPACHELKA","SZYBA ZESPOLONA","SZYLD WEW. OWALNY 35 MM PZ 92","SZYLD ZEWNĘTRZNY OWALNY SZER. 35MM PZ92","ŚCIANA TYLNIA STAND EURO2012 (KASZ.)","ŚCIANA TYLNIA STANDU","ŚMIETANA DO ZMAŚLANIA","ŚMIETANA KREMÓWKA DO KJ","ŚMIETANA KREMÓWKA LUZ","ŚMIETANKA","ŚMIETANKA DO DOJRZEWANIA","ŚMIETANKA DO HOMOGENIZACJI","ŚMIETANKA DO PASTERYZACJI","ŚMIETANKA DO SZCZEPIENIA","ŚRUBA OZDOBNA 15MM","ŚRUBA WIKING","ŚRUT METALOWY","TARCICA","TARCZA","TAŚMA STALOWA","TEKSTURAT SOJOWY","TEKTURA","TEKTURA LITA 230 G/M2","TEKTURA LITA 275 G/M2","TEKTURA LITA 290 G/M2","TELEWIZOR","TELEWIZOR 32S32T7","TELEWIZOR 40S38T7","TELEWIZOR 46S38T7","TŁOCZYSKO","TŁOK","TŁOK. CJ","TŁUSZCZ ROŚLINNY","TOŁPYGA ŻYWA","TOPPER","TORINO","TOSCANIA","TRALKA - 18X18","TRANSFORMATOR TR.20151.3","TRANSPORT","TRANSPORT MASZYNY","TRZPIEŃ 8X130","TRZPIEŃ DO BY-PASSU","TULEJKA TWORZYWOWA 22.8X18.2X5.8","TULEJKA ZNALOWA 10.4","TULEJKA ZNALOWA 9.9","TUSZ BLACK","TUSZ CYAN","UDKA Z KURCZAKA 2 SZT.","UMYWALKA OWALNA","UMYWALKA PROSTOKĄTNA","UMYWALKA Z SZAFKĄ","URZĄDZENIE_2","URZĄDZENIE_3","URZĄDZENIE_4","USZCZELKA","USZKODZONY CHWYT","USZKODZONY CHWYT DRZWIOWY","UTWARDZACZ","VELVET ROZPUSZCZALNA","W0001","W0002","W0003","W0004","WAFLE KAKAOWE 500G","WAFLE SUCHE TORTOWE 180G 5,1MM","WAŁEK MALARSKI 180","WANNA PROSTOKĄTNA","WANNA WOLNOSTOJĄCA","WANNA Z HYDROMASAŻEM","WIENIEC DL.BIAŁA 268X249X16 DE. EL011624","WIERTARKA UDAROWA","WIÓRKI KOKOSOWE","WKŁAD DO PALETKI NA SPÓD","WKŁAD DO PÓŁKI","WKRĘT DO MOCOWANIA STELAŻA","WKRĘT M5","WKRĘT PŁASKI 12MM","WKRĘTAK KRZYŻOWY","WKRĘTAK PŁASKI","WŁĄCZNIK EKSPRESU","WODA","WODA 0,66 NIEGAZ","WODA 1,25 NIEGAZ","WODA DEMI","WODOROWĘGLAN SODU","WSAD - PRĘT OKRĄGŁY C45E D90 3000 MM","WSAD - PRĘT OKRĄGŁY E235 D115 3000","WSAD - PRĘT OKRĄGŁY E235 D145 3000","WSAD - PRĘT OKRĄGŁY E235 D90 3000","WSAD - PRĘT OKRĄGŁY E255 D90 3000","WSAD - PRĘT OKRĄGŁY E355 D90 3000 MM","WSAD TRUSKAWKOWY 8%","WSKAŹNIK WŁĄCZENIA","WYKROJNIK","WYŁĄCZNIK","WYMIANA SIATKI FILTRACYJNEJ","WYMIANA ZAWORU ROZPRĘŻAJĄCEGO","WYRÓB UTRACONY","X00-00-00124-00-00068","X00-01-00075-19-00010","X00-02-00178-05-00024","X00-02-00178-05-00147","X00-02-02805-06-00001","X00-03-05066-03-00040","X00-05-00075-19-00007","X00-05-00799-03-30007","X00-05-00799-09-00004","X00-05-00888-02-00003","X00-05-01573-05-00144","X00-05-09275-01-00116","X00-05-15033-05-00002","X00-05-15033-05-00294","X00-05-15033-05-20283","X00-08-01677-01-00079","X00-09-06626-01-00040","X00-09-06626-02-00011","X00-09-06626-05-00001","X00-09-06626-05-00003","X00-10-02805-05-00008","X00-10-02805-06-00001","X00-11-02805-01-00026","X00-11-02805-03-00008","X00-12-00008-03-00035","X00-16-30545-02-00043","ZACZEP BEZPIECZEŃSTWA","ZAKWAS","ZASUWNICA","ZAWIAS DOLNY","ZAWIAS GÓRNY","ZBIORNIK NA WODĘ","ZESTAW MALARSKI MICROFIBRA BLUEDOLPHIN","ZESTAW MORRENO","ZGARY","ZGRZEWKA 12X0,66 GAZ","ZGRZEWKA 6X1,25 GAZ","ZGRZEWKA 6X1,25 GAZ 5+1","ZIARNO KAWY ARABICA","ZIARNO MASŁA","ZIARNO MASŁA DO WYGNIATANIA","ZIEMNE 38/42 ARGENTYNA","ZIEMNE 38/42 CHINY","ŻERDŹ","ŻYWICA"]},"I":"0"}
SignalR.Transports.WebSocketTransport Information: 0 : Abort(36d2a53b-cd1a-454e-8c1d-6e9c91ae53a7)
SignalR.Transports.TransportHeartBeat Information: 0 : Removing connection 36d2a53b-cd1a-454e-8c1d-6e9c91ae53a7
SignalR.Transports.WebSocketTransport Information: 0 : End(36d2a53b-cd1a-454e-8c1d-6e9c91ae53a7)
SignalR.Transports.WebSocketTransport Verbose: 0 : DrainWrites(36d2a53b-cd1a-454e-8c1d-6e9c91ae53a7)
SignalR.Transports.WebSocketTransport Information: 0 : CompleteRequest (36d2a53b-cd1a-454e-8c1d-6e9c91ae53a7)
SignalR.Transports.WebSocketTransport Information: 0 : CloseSocket(36d2a53b-cd1a-454e-8c1d-6e9c91ae53a7)
SignalR.Transports.TransportHeartBeat Information: 0 : Connection fb896c10-1f93-417d-b2d4-5457e850ef47 is New.
SignalR.Transports.WebSocketTransport Verbose: 0 : Sending outgoing message. Connection id: fb896c10-1f93-417d-b2d4-5457e850ef47, transport: WebSocketTransport, message: {"C":"d-9D64DC34-B,0|G,0|H,1","S":1,"M":[]}
SignalR.Transports.WebSocketTransport Verbose: 0 : Sending outgoing message. Connection id: fb896c10-1f93-417d-b2d4-5457e850ef47, transport: WebSocketTransport, message: {"R":{"Suppliers":["ARSMOX MARINE","BCB","BRAKSTON","CERTINO AGROSTE","GREEN CIRCLE","JASMIX","KONSTERMPOL","RR_GRZEGORZ_MAŚLAK","RR_RAFAŁ_STACHOWIAK","STANMEXPOL","UPS","ZYX","AGROROL MAXTOP","BUDSAMTOP","CDC","CLEMONT PARIS","DEMO","FISKVINNSLA VEIDARFÉ","FREXI BURIST","FRUSTING","KIELPOL","SVGF POLAND","TARNODREW","UGRANDA"],"Warehouses":["KRK","MAG","MAG PÓŁPR","MAG SUR","MAG WGT","REKL","WMS","WMS2"],"Products":["ADAPTER PRZELOTOWY","AKCESORIA OKUWANE","AKCESORIA PAKOWANE","AKUMULATOR","ALMG3","ARABICA","ARKUSZ ALUMINIUM 240X240 CM","AROM-GREJPFR","AROM-TRUSKAWKOWY","A-Vista","BARI","BARWNIK DO TULEJEK","BATERIA UMYWALKOWA 203","BATERIA WANNOWA","BATERIA ZLEWOZMYWAKOWA","BENZYNA EKSTRAKCYJNA","BLACHA DD11 GR3MM","BLAT BIAŁY 302X292X16 LAK BIAŁY EL011621","BLAT DO STOŁU DĘBOWEGO","BLAT DO STOŁU DĘBOWEGO POLAKIEROWANY","BOK LE.BIAŁA.800X270X16 LAK BIA EL003447","BOK LEWY STANDU","BOK PR.BIAŁA.800X270X16 LAK BIA EL003446","BOK PRAWY STANDU","BRAMA ROLETOWA","BRAMA UCHYLNA","BROTHER - DCP","BUTELKA 0,5 L","BUTELKA 0,5 L.","BUTELKA 0,75 L.","BUTELKA 1,0 L.","BUTELKA Z KORKIEM","CAMPINA DUST 60X60","CANELLA STEEL490X300X10 MM","CANON - PIXMA","CEBULA SMAŻONA","CHWYT DRZWIOWY","CHWYT DRZWIOWY 1200","CHWYT DRZWIOWY 1200 DO MALOWANIA","CHWYT DRZWIOWY DO CIĘCIA","CHWYT DRZWIOWY DO MALOWANIA","CIASTO","CIĄGNIK ROLNICZY CM110GX","CIĄGNIK ROLNICZY CM135GX","CIĄGNIK ROLNICZY- ZESTAW K+O","CISOWIANKA 1,5 L","CIŚNIENIOMIERZ PRZEMYSŁOWY","CITY BUGAT 60X60 GAT.I","CYLINDER","CYLINDER TŁOKOWY - PROTOTYP","DELICJE POMARAŃCZOWE","DEMONTAŻ","DESKA DĘBOWA 150X100","DESKA DĘBOWA 150X20","DETAL - GROT","DETAL B-13.152","DETAL C-10.092","DETAL C-220","DŁUGOPIS INKJOY 300 RT","DOMOWA","DRUT NAWOJOWY OKRĄGŁY 3 MM","DRZWI UN.BIAŁA 768X296X16 LAK BIAŁY EL00","DUŻA PÓŁKA","DYSTRYBUTOR DUŻY","DYSZA CIŚNIENIOWA A3","EKOTUBA","EKSPRES DO KAWY ESPRESSO","ELEMENT WYPALAJĄCY ZIARNO","ELEMENT WZMACNIAJĄCY (BOK 1)","ELEMENT WZMACNIAJĄCY (BOK2)","EPSON - BUSINESS INKJET","EPSON - STYLUS","ESPRESSO","ESPRESSO ROZPUSZCZALNA","ETYKIETA JOGURT TRUSKAWKOWY BIEDRONKA","ETYKIETA JOGURT TRUSKAWKOWY JAGR","ETYKIETA JOGURT TRUSKAWKOWY TESCO","FAEMA E71","FARBA PANTONE 511","FARBA PROSZKOWA","FILTR POWIETRZA","FLIPCHART","FOLIA - CIASTKA","FOLIA - RĘKAW","FOLIA ALUMINIOWA LAM.","FOLIA MALARSKA 4X5","FORMA 01D","FORMA 05D","FORMA 07D","FORNIR","FRONT","GABEL 600.400.01.1/3","GALAPER 200 EC 1L","GALAPER 200 EC 5L","GALAPER STRONG - ZESTAW DUŻY","GALAPER STRONG - ZESTAW MAŁY","GALMET 20 SG 250G","GALMET 20 SG 50G","GAZ MIX ARGON","GERDA CL 1904 AX 1/360","GERDA WK M4","GERDA WK M4 Z","GŁOWICA EKSPRESU","GŁOWICA STERUJĄCA","GNIAZDO PODŁOGOWE","GNIAZDO ŚCIENNE","GRU-.DR-D-Z-000","GRU-DRZ-D-W-000","GRU-DRZ-D-W-001","GRU-DRZ-D-W-002","GRU-DRZ-D-Z-000","GRU-DRZ-D-Z-001","GRU-DRZ-D-Z-002","GRU-DRZ-D-Z-003","GRU-DRZ-D-Z-004","GRU-DRZ-D-Z-005","GRU-DRZ-D-Z-006","GRU-DRZ-D-Z-007","GRU-DRZ-D-Z-008","GRU-DRZ-D-Z-009","GRU-DRZ-D-Z-010","GRU-DRZ-D-Z-011","GRU-DRZ-D-Z-012","GRU-DRZ-D-Z-013","GRU-DRZ-D-Z-014","GRU-DRZ-D-Z-015","GRU-DRZ-D-Z-016","GRU-DRZ-D-Z-017","GRU-DRZ-D-Z-018","GRU-DRZ-D-Z-019","GRU-DRZ-D-Z-020","GRU-DRZ-D-Z-021","GRU-DRZ-D-Z-022","GRU-DRZ-D-Z-023","GRU-DRZ-D-Z-024","GRU-DRZ-D-Z-026","GRU-DRZ-D-Z-027","GRZAŁKA WODY","GULASZ WIEPRZOWY","HUELSE 600.400.01.1/2","I73349/03 UW AC 100 NEW KPL","JOGURT - MASA","JOGURT DO OCHŁODZENIA","JOGURT OCHŁODZONY","JOGURT TRUSKAWKOWY DO ETYKIETOWANIA","JOGURT TRUSKAWKOWY MASA","JUMBO ROLA - FOLIA SIATKA POLIETYLEN","JUMBO ROLA PAPIER","KABINA PRYSZNICOWA","KABINA PRYSZNICOWA DOUBLE","KALLIO TAR 490X300X10 MM","KANTÓWKA  80X60","KANTÓWKA 98X80","KARTON EKSPOZYCYJNY","KARTON PRZEWODNI NADRUK (NIESKLEJONY)","KARTON PRZEWODNI NADRUK FLEXO","KARTON WEWNĘTRZNY 9","KARTON WEWNĘTRZNY A","KARTON WEWNĘTRZNY A (NIESKLEJONY)","KARTON WEWNĘTRZNY B","KARTON WEWNĘTRZNY B (NIESKLEJONY)","KARTON WEWNĘTRZNY C","KARTON WEWNĘTRZNY C (NIESKLEJONY)","KAUCZUK NAT. TSR.","KAWA JACOBS 200G","KAWA NESCAFE CREME 200G","KIEŁBASA TORUŃSKA","KLAMKA","KLAMKA ESMERALDA","KLAMKA PELAGIA","KLAMKA RAFAELLA","KLAMKA VICTORIA","KLEJ","KLEJ DO LINII TECHN.","KLUCZ NASADOWY","KLUCZE KOMPLET","KŁÓDKA WZMOCNIONA TRZPIENIOWA","KOLBENROHR 600.400.01.1","KOŁO PRZÓD","KOŁO PRZÓD 2","KOŁO TYŁ","KOŁO TYŁ 2","KOMBINERKI","KOMPAKT WC","KOMPLET NARZĘDZI","KONCENTRAT JABŁKOWY","KONCENTRAT POMARAŃCZOWY","KONCENTRAT WIELOOWOCOWY","KOTLET SCHABOWY Z KAPUSTĄ I ZIEMNIAKAMI","KRATKA MALARSKA","KRATKA_PAST","KREM","KROCIEC GP1","KUBEK JOGURT TRUSKAWKOWY","KUBEK ŚMIETANA","KURCZAK DUŻY","KURCZAK DUŻY POW. 1,6 KG","KURCZAK GRILLOWY 1-1,2 KG","KURCZAK HANDLOWY 1,3-1,6 KG","KURCZAK HODOWLANY","KURCZAK KONFISKATY","KURCZAK PADŁY","KURCZAK POUBOJOWY","KURCZAK ŚWIEŻY KL. I","KURCZAK ŚWIEŻY KL. II","KURCZAK ŻYWY KL. I","KURCZAK ŻYWY KL. II","KURCZAK ŻYWY ZDROWY","KUREK PARY","KUWETA 18\"","KWAS SIARKOWY","KWAS-L-ASKORB","KWAŚNY WĘGLAN AMONU","KWAŚNY WĘGLAN SODU","LAKIER POLIURETANOWY DO DREWNA","LAMINAT","LIN ŻYWY","LISTEK WAFLOWY","LORD","ŁĄCZNIK METALOWY","ŁOM LISTKA WAFLOWEGO","ŁOM NADZIEWANY","ŁOM PRZEKŁADANY","ŁOM SUCHY LISTKA","ŁOSOŚ NORWESKI MROŻONY","ŁUKI","M0001","M0002","M0003","M0004","M0005","M0006","MAKRELA DO WĘDZENIA","MAKRELA MROŻONA","MAKRELA ODLODOWANA","MAKRELA PATROSZONA","MAKRELA PATROSZONA I WYPŁUKANA","MAKRELA ROZMROŻONA","MAKRELA WĘDZONA","MAKRELA WĘDZONA PAKOWANA PRÓŻNIOWO","MAKRELA WĘDZONA PAKOWANA PRÓŻNIOWO LUZ","MALOWANIE","MAŁA PÓŁKA","MARMUR","MASŁO MASA","MAŚLANKA","MATERIAŁ POMOCNICZY","MĄCZKA ORZECHOWA","MĄKA OWSIANA","MDF","MIĘSO WIEPRZOWE","MIGDAŁY","MILANO","MISKA WC WISZĄCA","MLEKO ODTŁUSZCZONE","MLEKO PASTERYZOWANE","MŁOTEK","MONTAŻ","MORRENO","NADRUK OFFSETOWY (STAND EURO2012)","NAROŻNIK ABS","NAWIERZCHNIA UV","NOGA DO STOŁU DĘBOWEGO","NOGA DO STOŁU DĘBOWEGO POLAKIEROWANA","NOWA ŚMIETANA","NÓŻ OBRĄCZKOWY METALOWY","NÓŻ TOKARSKI","OBRÓBKA CIEPLNA","OBRZEŻE BIAŁE ABS 19X1 100%","OBRZEŻE BIAŁE GŁADKIE 19X0.8","OBUDOWA EKSPRESU","OBUDOWA FAEMA E71","ODF","ODF 1A","ODF 1A + PANEL","ODF 1B","ODF 1C","ODKUWKA SPKK_80X80-18G2A-N","ODLEW_KRATKI","ODPAD NIEUŻYTKOWY","ODPAD PATROSZENIA","ODPŁYW KANALIZACYJNY","OKNO T1","OKNO T2","OLEJ HYDRAULICZNY","OLEJ PARAFINOWY","OLEJ ROŚLINNY","OLEJ RZEPAKOWY","OLEJ SPOŻYWCZY","OLEW_KRATKI","OŁÓW 1","OŁÓW 2","OPAKOWANIE NA ZESTAW NACZYŃ","OPAKOWANIE T1","OPAKOWANIE USZKODZONE","ORZECHY LASKOWE BLANSZOWANE","ORZECHY LASKOWE PRAŻONE","ORZECHY ŁUSKANE","ORZECHY WŁOSKIE","ORZECHY WŁOSKIE ŁUSKANE","ORZECHY ZIEMNE 38/42 BRAZYLIA","ORZECHY ZIEMNE KROJONE","ORZECHY ZIEMNE PRAŻONE KROJONE","OSP.C.C2","OSP.CX.LUX","PALETA","PALETKA NA SPÓD","PANEL","PAPIER","PAPIER A4 500 ARKUSZY","PAPIER A4 EKOLOGICZNY","PASTA AKUMLATOROWA -","PASTA AKUMLATOROWA +","PCV","PIASTA ROWEROWA","PIASTA ROWEROWA 2","PIEROGI Z MIĘSEM 400G","PIEROGI Z MIĘSEM OPAK-4KG","PIŁA BAHCO + KABURA","PISTACJE","PIWO CIEMNE 6,5%","PIWO JASNE 5,5%","PLACKI ZIEMNIACZANE SOLO 400G","PLATYNKA","PŁ. WIÓR. B. 16 LAK","PŁ. WIÓR. B. PLATYNOWA 16MM 2XLAM","PŁATKI OWSIANE GÓRSKIE","PŁYTA AKUMULATOROWA -","PŁYTA AKUMULATOROWA +","PŁYTA HDF SUROWA 3MM 100-0-120-000003","PŁYTA STANDARD","PŁYTA WAFLOWA","PŁYTKA - TYP AD","PŁYTKA CNMG","PŁYTKA CNMM-2","PŁYTKA CNUA","PŁYTKA DNMA","PŁYTKA -TYP AE","PŁYTKA TYP-A","PN 1: ODF 1A","PN 2: PANEL","PN 3: ODF 1B","PODKŁAD PROMOTOR UV","PODKŁADKA TWORZYWOWA 24.2X19.8X1.2","PODKŁADKA TWORZYWOWA 24.2X19.8X1.8","POJEMNIK DROBIOWY 12 KG","POM","PÓŁFABRYKAT CIASTEK WYPIECZONYCH","PÓŁKA BIAŁA 267X245X16 EL011623","PÓŁTUSZE","PREMIUM ROZPUSZCZALNA","PRĘT METALOWY 21MM","PRĘT OKRĄGŁY CIĄGNIONY D=18","PRĘT OKRĄGŁY CIĄGNIONY D=36","PRĘT OKRĄGŁY E235 D90 3000 - OBR. KOŃC.","PRĘT OKRĄGŁY E235 D90 3000 DO CIĄGNIENIA","PROFIL 18X18 3M","PROFIL 18X18 6M","PROFIL 25X15 6M","PROFIL ALUMINIOWY 3M","PROSTOWANIE RUR","PROSZEK OŁOWIU","PROWADNICA","PRZECIĄGANIE RUR","PRZEKŁADKA TEKTUROWA 270X230","PRZEKŁADNIK PRĄDOWY","PRZEWÓD EKRANOWANY FI2","PRZĘSŁO 2M - OCYNKOWANE","PRZĘSŁO 2M - SUROWE","PRZYCIĘTY NA WYMAR WKŁAD DO STOJAKA","PRZYCIĘTY NA WYMIAR PRĘT","PSTRĄG ŻYWY","PSZENICA KONSUMPCYJNA","PSZENICA PASZOWA","PUSZKA FI10","RAMA STOJAKA METALOWEGO","RANT BOKU","RASTBOLZEN 600.400.01.1/4","REGRANULAT POLIETYLEN. KOLOR X","RODZINNA","ROWER","ROWER 2","ROZDZIELNICA NN SIEMENS","ROZŁADUNEK","RURA CYLINDROWA B/SZW/ 35X5 H9","RURA CYLINDROWA B/SZW/ 40X5 H9","RURA E235 D6 G1 DO CIĘCIA NA WYMIAR","RURA E235 D6 G1 DO PROSTOWANIA","RURA E235 D6 G1 DO WYŻARZANIA","RURKA KPL. GP1","RYGIEL ZWYKŁY 12VDC","SAMOZAMYKACZ GTS 2000V/2000V Z BLOKADĄ","SANDACZ ŻYWY","SEKATOR GREENMIL","SEKATOR NOŻYCOWY FISKARS","SER GOUDA","SERWATKA","SIATKA FILTRACYJNA","SILIKON SOUDAL","SILIKON TYTAN","SKRZYDŁO SENATOR","SKRZYNKA","SŁONINA","SMALEC WIEPRZOWY","SORBINIAN POTASU","SÓL MORSKA","SPIENIACZ","STALOWA PODKŁADKA SPRĘŻYSTA 23.7X18.3X2","STAND REKLAMOWY EURO","STELAŻ MONTAŻOWY","STOJAK REKLAMOWY - METALOWY","STÓŁ DĘBOWY","SUWAK B","SYROP-WIELOWOWOC","SYROP-WIELOWOWOC 1002","SYSTEMHULSE 600.400.01.1/1","SZAFA ZNOR2-ML3F/6P","SZAFKA 2.S.164311","SZPACHELKA","SZYBA ZESPOLONA","SZYLD WEW. OWALNY 35 MM PZ 92","SZYLD ZEWNĘTRZNY OWALNY SZER. 35MM PZ92","ŚCIANA TYLNIA STAND EURO2012 (KASZ.)","ŚCIANA TYLNIA STANDU","ŚMIETANA DO ZMAŚLANIA","ŚMIETANA KREMÓWKA DO KJ","ŚMIETANA KREMÓWKA LUZ","ŚMIETANKA","ŚMIETANKA DO DOJRZEWANIA","ŚMIETANKA DO HOMOGENIZACJI","ŚMIETANKA DO PASTERYZACJI","ŚMIETANKA DO SZCZEPIENIA","ŚRUBA OZDOBNA 15MM","ŚRUBA WIKING","ŚRUT METALOWY","TARCICA","TARCZA","TAŚMA STALOWA","TEKSTURAT SOJOWY","TEKTURA","TEKTURA LITA 230 G/M2","TEKTURA LITA 275 G/M2","TEKTURA LITA 290 G/M2","TELEWIZOR","TELEWIZOR 32S32T7","TELEWIZOR 40S38T7","TELEWIZOR 46S38T7","TŁOCZYSKO","TŁOK","TŁOK. CJ","TŁUSZCZ ROŚLINNY","TOŁPYGA ŻYWA","TOPPER","TORINO","TOSCANIA","TRALKA - 18X18","TRANSFORMATOR TR.20151.3","TRANSPORT","TRANSPORT MASZYNY","TRZPIEŃ 8X130","TRZPIEŃ DO BY-PASSU","TULEJKA TWORZYWOWA 22.8X18.2X5.8","TULEJKA ZNALOWA 10.4","TULEJKA ZNALOWA 9.9","TUSZ BLACK","TUSZ CYAN","UDKA Z KURCZAKA 2 SZT.","UMYWALKA OWALNA","UMYWALKA PROSTOKĄTNA","UMYWALKA Z SZAFKĄ","URZĄDZENIE_2","URZĄDZENIE_3","URZĄDZENIE_4","USZCZELKA","USZKODZONY CHWYT","USZKODZONY CHWYT DRZWIOWY","UTWARDZACZ","VELVET ROZPUSZCZALNA","W0001","W000SignalR.Transports.TransportHeartBeat Information: 0 : Connection 610dc7bf-1b91-48aa-8638-c4eab1af1d07 is New.
SignalR.Transports.TransportHeartBeat Verbose: 0 : KeepAlive(610dc7bf-1b91-48aa-8638-c4eab1af1d07)
SignalR.Transports.WebSocketTransport Error: 0 : OnError(610dc7bf-1b91-48aa-8638-c4eab1af1d07, System.Net.WebSockets.WebSocketException (0x800703E3): The I/O operation has been aborted because of either a thread exit or an application request
   at System.Web.WebSockets.WebSocketPipe.<>c__DisplayClass9_0.<ReadFragmentAsync>b__0(Int32 hrError, Int32 cbIO, Boolean fUtf8Encoded, Boolean fFinalFragment, Boolean fClose)
--- End of stack trace from previous location where exception was thrown ---
   at System.Runtime.CompilerServices.TaskAwaiter.ThrowForNonSuccess(Task task)
   at System.Runtime.CompilerServices.TaskAwaiter.HandleNonSuccessAndDebuggerNotification(Task task)
   at System.Web.WebSockets.AspNetWebSocket.<DoWork>d__45`1.MoveNext()
--- End of stack trace from previous location where exception was thrown ---
   at System.Runtime.CompilerServices.TaskAwaiter.ThrowForNonSuccess(Task task)
   at System.Runtime.CompilerServices.TaskAwaiter.HandleNonSuccessAndDebuggerNotification(Task task)
   at System.Web.WebSockets.AspNetWebSocket.<>c__DisplayClass36_0.<<ReceiveAsyncImpl>b__0>d.MoveNext()
--- End of stack trace from previous location where exception was thrown ---
   at System.Runtime.CompilerServices.TaskAwaiter.ThrowForNonSuccess(Task task)
   at System.Runtime.CompilerServices.TaskAwaiter.HandleNonSuccessAndDebuggerNotification(Task task)
   at Microsoft.AspNet.SignalR.WebSockets.WebSocketMessageReader.<ReadMessageAsync>d__3.MoveNext() in /_/src/Microsoft.AspNet.SignalR.Core/Owin/WebSockets/WebSocketMessageReader.cs:line 36
--- End of stack trace from previous location where exception was thrown ---
   at System.Runtime.CompilerServices.TaskAwaiter.ThrowForNonSuccess(Task task)
   at System.Runtime.CompilerServices.TaskAwaiter.HandleNonSuccessAndDebuggerNotification(Task task)
   at Microsoft.AspNet.SignalR.WebSockets.WebSocketHandler.<ProcessWebSocketRequestAsync>d__25.MoveNext() in /_/src/Microsoft.AspNet.SignalR.Core/Owin/WebSockets/WebSocketHandler.cs:line 170)
SignalR.Transports.WebSocketTransport Information: 0 : CloseSocket(610dc7bf-1b91-48aa-8638-c4eab1af1d07)
SignalR.Transports.TransportHeartBeat Verbose: 0 : 610dc7bf-1b91-48aa-8638-c4eab1af1d07 is dead
SignalR.Transports.TransportHeartBeat Verbose: 0 : 610dc7bf-1b91-48aa-8638-c4eab1af1d07 is dead
SignalR.Transports.TransportHeartBeat Verbose: 0 : 610dc7bf-1b91-48aa-8638-c4eab1af1d07 is dead
SignalR.Transports.TransportHeartBeat Verbose: 0 : 610dc7bf-1b91-48aa-8638-c4eab1af1d07 is dead
SignalR.Transports.TransportHeartBeat Verbose: 0 : 610dc7bf-1b91-48aa-8638-c4eab1af1d07 is dead
SignalR.Transports.TransportHeartBeat Verbose: 0 : 610dc7bf-1b91-48aa-8638-c4eab1af1d07 is dead
SignalR.Transports.TransportHeartBeat Verbose: 0 : 610dc7bf-1b91-48aa-8638-c4eab1af1d07 is dead
SignalR.Transports.TransportHeartBeat Information: 0 : Removing connection 610dc7bf-1b91-48aa-8638-c4eab1af1d07
SignalR.Transports.WebSocketTransport Information: 0 : Abort(610dc7bf-1b91-48aa-8638-c4eab1af1d07)
SignalR.Transports.WebSocketTransport Information: 0 : End(610dc7bf-1b91-48aa-8638-c4eab1af1d07)
SignalR.Transports.WebSocketTransport Verbose: 0 : Cancel(610dc7bf-1b91-48aa-8638-c4eab1af1d07)
SignalR.Transports.WebSocketTransport Verbose: 0 : DrainWrites(610dc7bf-1b91-48aa-8638-c4eab1af1d07)
SignalR.Transports.WebSocketTransport Information: 0 : CompleteRequest (610dc7bf-1b91-48aa-8638-c4eab1af1d07)
SignalR.Transports.TransportHeartBeat Information: 0 : Connection d578211d-2ad3-4bf7-972d-0dbe5a9a7230 is New.
SignalR.Transports.WebSocketTransport Verbose: 0 : Sending outgoing message. Connection id: d578211d-2ad3-4bf7-972d-0dbe5a9a7230, transport: WebSocketTransport, message: {"C":"d-F9D2CC71-B,0|E,0|F,1","S":1,"M":[]}
SignalR.Transports.WebSocketTransport Verbose: 0 : Sending outgoing message. Connection id: d578211d-2ad3-4bf7-972d-0dbe5a9a7230, transport: WebSocketTransport, message: {"R":{"Suppliers":["ARSMOX MARINE","BCB","BRAKSTON","CERTINO AGROSTE","GREEN CIRCLE","JASMIX","KONSTERMPOL","RR_GRZEGORZ_MAŚLAK","RR_RAFAŁ_STACHOWIAK","STANMEXPOL","UPS","ZYX","AGROROL MAXTOP","BUDSAMTOP","CDC","CLEMONT PARIS","DEMO","FISKVINNSLA VEIDARFÉ","FREXI BURIST","FRUSTING","KIELPOL","SVGF POLAND","TARNODREW","UGRANDA"],"Warehouses":["KRK","MAG","MAG PÓŁPR","MAG SUR","MAG WGT","REKL","WMS","WMS2"],"Products":["ADAPTER PRZELOTOWY","AKCESORIA OKUWANE","AKCESORIA PAKOWANE","AKUMULATOR","ALMG3","ARABICA","ARKUSZ ALUMINIUM 240X240 CM","AROM-GREJPFR","AROM-TRUSKAWKOWY","A-Vista","BARI","BARWNIK DO TULEJEK","BATERIA UMYWALKOWA 203","BATERIA WANNOWA","BATERIA ZLEWOZMYWAKOWA","BENZYNA EKSTRAKCYJNA","BLACHA DD11 GR3MM","BLAT BIAŁY 302X292X16 LAK BIAŁY EL011621","BLAT DO STOŁU DĘBOWEGO","BLAT DO STOŁU DĘBOWEGO POLAKIEROWANY","BOK LE.BIAŁA.800X270X16 LAK BIA EL003447","BOK LEWY STANDU","BOK PR.BIAŁA.800X270X16 LAK BIA EL003446","BOK PRAWY STANDU","BRAMA ROLETOWA","BRAMA UCHYLNA","BROTHER - DCP","BUTELKA 0,5 L","BUTELKA 0,5 L.","BUTELKA 0,75 L.","BUTELKA 1,0 L.","BUTELKA Z KORKIEM","CAMPINA DUST 60X60","CANELLA STEEL490X300X10 MM","CANON - PIXMA","CEBULA SMAŻONA","CHWYT DRZWIOWY","CHWYT DRZWIOWY 1200","CHWYT DRZWIOWY 1200 DO MALOWANIA","CHWYT DRZWIOWY DO CIĘCIA","CHWYT DRZWIOWY DO MALOWANIA","CIASTO","CIĄGNIK ROLNICZY CM110GX","CIĄGNIK ROLNICZY CM135GX","CIĄGNIK ROLNICZY- ZESTAW K+O","CISOWIANKA 1,5 L","CIŚNIENIOMIERZ PRZEMYSŁOWY","CITY BUGAT 60X60 GAT.I","CYLINDER","CYLINDER TŁOKOWY - PROTOTYP","DELICJE POMARAŃCZOWE","DEMONTAŻ","DESKA DĘBOWA 150X100","DESKA DĘBOWA 150X20","DETAL - GROT","DETAL B-13.152","DETAL C-10.092","DETAL C-220","DŁUGOPIS INKJOY 300 RT","DOMOWA","DRUT NAWOJOWY OKRĄGŁY 3 MM","DRZWI UN.BIAŁA 768X296X16 LAK BIAŁY EL00","DUŻA PÓŁKA","DYSTRYBUTOR DUŻY","DYSZA CIŚNIENIOWA A3","EKOTUBA","EKSPRES DO KAWY ESPRESSO","ELEMENT WYPALAJĄCY ZIARNO","ELEMENT WZMACNIAJĄCY (BOK 1)","ELEMENT WZMACNIAJĄCY (BOK2)","EPSON - BUSINESS INKJET","EPSON - STYLUS","ESPRESSO","ESPRESSO ROZPUSZCZALNA","ETYKIETA JOGURT TRUSKAWKOWY BIEDRONKA","ETYKIETA JOGURT TRUSKAWKOWY JAGR","ETYKIETA JOGURT TRUSKAWKOWY TESCO","FAEMA E71","FARBA PANTONE 511","FARBA PROSZKOWA","FILTR POWIETRZA","FLIPCHART","FOLIA - CIASTKA","FOLIA - RĘKAW","FOLIA ALUMINIOWA LAM.","FOLIA MALARSKA 4X5","FORMA 01D","FORMA 05D","FORMA 07D","FORNIR","FRONT","GABEL 600.400.01.1/3","GALAPER 200 EC 1L","GALAPER 200 EC 5L","GALAPER STRONG - ZESTAW DUŻY","GALAPER STRONG - ZESTAW MAŁY","GALMET 20 SG 250G","GALMET 20 SG 50G","GAZ MIX ARGON","GERDA CL 1904 AX 1/360","GERDA WK M4","GERDA WK M4 Z","GŁOWICA EKSPRESU","GŁOWICA STERUJĄCA","GNIAZDO PODŁOGOWE","GNIAZDO ŚCIENNE","GRU-.DR-D-Z-000","GRU-DRZ-D-W-000","GRU-DRZ-D-W-001","GRU-DRZ-D-W-002","GRU-DRZ-D-Z-000","GRU-DRZ-D-Z-001","GRU-DRZ-D-Z-002","GRU-DRZ-D-Z-003","GRU-DRZ-D-Z-004","GRU-DRZ-D-Z-005","GRU-DRZ-D-Z-006","GRU-DRZ-D-Z-007","GRU-DRZ-D-Z-008","GRU-DRZ-D-Z-009","GRU-DRZ-D-Z-010","GRU-DRZ-D-Z-011","GRU-DRZ-D-Z-012","GRU-DRZ-D-Z-013","GRU-DRZ-D-Z-014","GRU-DRZ-D-Z-015","GRU-DRZ-D-Z-016","GRU-DRZ-D-Z-017","GRU-DRZ-D-Z-018","GRU-DRZ-D-Z-019","GRU-DRZ-D-Z-020","GRU-DRZ-D-Z-021","GRU-DRZ-D-Z-022","GRU-DRZ-D-Z-023","GRU-DRZ-D-Z-024","GRU-DRZ-D-Z-026","GRU-DRZ-D-Z-027","GRZAŁKA WODY","GULASZ WIEPRZOWY","HUELSE 600.400.01.1/2","I73349/03 UW AC 100 NEW KPL","JOGURT - MASA","JOGURT DO OCHŁODZENIA","JOGURT OCHŁODZONY","JOGURT TRUSKAWKOWY DO ETYKIETOWANIA","JOGURT TRUSKAWKOWY MASA","JUMBO ROLA - FOLIA SIATKA POLIETYLEN","JUMBO ROLA PAPIER","KABINA PRYSZNICOWA","KABINA PRYSZNICOWA DOUBLE","KALLIO TAR 490X300X10 MM","KANTÓWKA  80X60","KANTÓWKA 98X80","KARTON EKSPOZYCYJNY","KARTON PRZEWODNI NADRUK (NIESKLEJONY)","KARTON PRZEWODNI NADRUK FLEXO","KARTON WEWNĘTRZNY 9","KARTON WEWNĘTRZNY A","KARTON WEWNĘTRZNY A (NIESKLEJONY)","KARTON WEWNĘTRZNY B","KARTON WEWNĘTRZNY B (NIESKLEJONY)","KARTON WEWNĘTRZNY C","KARTON WEWNĘTRZNY C (NIESKLEJONY)","KAUCZUK NAT. TSR.","KAWA JACOBS 200G","KAWA NESCAFE CREME 200G","KIEŁBASA TORUŃSKA","KLAMKA","KLAMKA ESMERALDA","KLAMKA PELAGIA","KLAMKA RAFAELLA","KLAMKA VICTORIA","KLEJ","KLEJ DO LINII TECHN.","KLUCZ NASADOWY","KLUCZE KOMPLET","KŁÓDKA WZMOCNIONA TRZPIENIOWA","KOLBENROHR 600.400.01.1","KOŁO PRZÓD","KOŁO PRZÓD 2","KOŁO TYŁ","KOŁO TYŁ 2","KOMBINERKI","KOMPAKT WC","KOMPLET NARZĘDZI","KONCENTRAT JABŁKOWY","KONCENTRAT POMARAŃCZOWY","KONCENTRAT WIELOOWOCOWY","KOTLET SCHABOWY Z KAPUSTĄ I ZIEMNIAKAMI","KRATKA MALARSKA","KRATKA_PAST","KREM","KROCIEC GP1","KUBEK JOGURT TRUSKAWKOWY","KUBEK ŚMIETANA","KURCZAK DUŻY","KURCZAK DUŻY POW. 1,6 KG","KURCZAK GRILLOWY 1-1,2 KG","KURCZAK HANDLOWY 1,3-1,6 KG","KURCZAK HODOWLANY","KURCZAK KONFISKATY","KURCZAK PADŁY","KURCZAK POUBOJOWY","KURCZAK ŚWIEŻY KL. I","KURCZAK ŚWIEŻY KL. II","KURCZAK ŻYWY KL. I","KURCZAK ŻYWY KL. II","KURCZAK ŻYWY ZDROWY","KUREK PARY","KUWETA 18\"","KWAS SIARKOWY","KWAS-L-ASKORB","KWAŚNY WĘGLAN AMONU","KWAŚNY WĘGLAN SODU","LAKIER POLIURETANOWY DO DREWNA","LAMINAT","LIN ŻYWY","LISTEK WAFLOWY","LORD","ŁĄCZNIK METALOWY","ŁOM LISTKA WAFLOWEGO","ŁOM NADZIEWANY","ŁOM PRZEKŁADANY","ŁOM SUCHY LISTKA","ŁOSOŚ NORWESKI MROŻONY","ŁUKI","M0001","M0002","M0003","M0004","M0005","M0006","MAKRELA DO WĘDZENIA","MAKRELA MROŻONA","MAKRELA ODLODOWANA","MAKRELA PATROSZONA","MAKRELA PATROSZONA I WYPŁUKANA","MAKRELA ROZMROŻONA","MAKRELA WĘDZONA","MAKRELA WĘDZONA PAKOWANA PRÓŻNIOWO","MAKRELA WĘDZONA PAKOWANA PRÓŻNIOWO LUZ","MALOWANIE","MAŁA PÓŁKA","MARMUR","MASŁO MASA","MAŚLANKA","MATERIAŁ POMOCNICZY","MĄCZKA ORZECHOWA","MĄKA OWSIANA","MDF","MIĘSO WIEPRZOWE","MIGDAŁY","MILANO","MISKA WC WISZĄCA","MLEKO ODTŁUSZCZONE","MLEKO PASTERYZOWANE","MŁOTEK","MONTAŻ","MORRENO","NADRUK OFFSETOWY (STAND EURO2012)","NAROŻNIK ABS","NAWIERZCHNIA UV","NOGA DO STOŁU DĘBOWEGO","NOGA DO STOŁU DĘBOWEGO POLAKIEROWANA","NOWA ŚMIETANA","NÓŻ OBRĄCZKOWY METALOWY","NÓŻ TOKARSKI","OBRÓBKA CIEPLNA","OBRZEŻE BIAŁE ABS 19X1 100%","OBRZEŻE BIAŁE GŁADKIE 19X0.8","OBUDOWA EKSPRESU","OBUDOWA FAEMA E71","ODF","ODF 1A","ODF 1A + PANEL","ODF 1B","ODF 1C","ODKUWKA SPKK_80X80-18G2A-N","ODLEW_KRATKI","ODPAD NIEUŻYTKOWY","ODPAD PATROSZENIA","ODPŁYW KANALIZACYJNY","OKNO T1","OKNO T2","OLEJ HYDRAULICZNY","OLEJ PARAFINOWY","OLEJ ROŚLINNY","OLEJ RZEPAKOWY","OLEJ SPOŻYWCZY","OLEW_KRATKI","OŁÓW 1","OŁÓW 2","OPAKOWANIE NA ZESTAW NACZYŃ","OPAKOWANIE T1","OPAKOWANIE USZKODZONE","ORZECHY LASKOWE BLANSZOWANE","ORZECHY LASKOWE PRAŻONE","ORZECHY ŁUSKANE","ORZECHY WŁOSKIE","ORZECHY WŁOSKIE ŁUSKANE","ORZECHY ZIEMNE 38/42 BRAZYLIA","ORZECHY ZIEMNE KROJONE","ORZECHY ZIEMNE PRAŻONE KROJONE","OSP.C.C2","OSP.CX.LUX","PALETA","PALETKA NA SPÓD","PANEL","PAPIER","PAPIER A4 500 ARKUSZY","PAPIER A4 EKOLOGICZNY","PASTA AKUMLATOROWA -","PASTA AKUMLATOROWA +","PCV","PIASTA ROWEROWA","PIASTA ROWEROWA 2","PIEROGI Z MIĘSEM 400G","PIEROGI Z MIĘSEM OPAK-4KG","PIŁA BAHCO + KABURA","PISTACJE","PIWO CIEMNE 6,5%","PIWO JASNE 5,5%","PLACKI ZIEMNIACZANE SOLO 400G","PLATYNKA","PŁ. WIÓR. B. 16 LAK","PŁ. WIÓR. B. PLATYNOWA 16MM 2XLAM","PŁATKI OWSIANE GÓRSKIE","PŁYTA AKUMULATOROWA -","PŁYTA AKUMULATOROWA +","PŁYTA HDF SUROWA 3MM 100-0-120-000003","PŁYTA STANDARD","PŁYTA WAFLOWA","PŁYTKA - TYP AD","PŁYTKA CNMG","PŁYTKA CNMM-2","PŁYTKA CNUA","PŁYTKA DNMA","PŁYTKA -TYP AE","PŁYTKA TYP-A","PN 1: ODF 1A","PN 2: PANEL","PN 3: ODF 1B","PODKŁAD PROMOTOR UV","PODKŁADKA TWORZYWOWA 24.2X19.8X1.2","PODKŁADKA TWORZYWOWA 24.2X19.8X1.8","POJEMNIK DROBIOWY 12 KG","POM","PÓŁFABRYKAT CIASTEK WYPIECZONYCH","PÓŁKA BIAŁA 267X245X16 EL011623","PÓŁTUSZE","PREMIUM ROZPUSZCZALNA","PRĘT METALOWY 21MM","PRĘT OKRĄGŁY CIĄGNIONY D=18","PRĘT OKRĄGŁY CIĄGNIONY D=36","PRĘT OKRĄGŁY E235 D90 3000 - OBR. KOŃC.","PRĘT OKRĄGŁY E235 D90 3000 DO CIĄGNIENIA","PROFIL 18X18 3M","PROFIL 18X18 6M","PROFIL 25X15 6M","PROFIL ALUMINIOWY 3M","PROSTOWANIE RUR","PROSZEK OŁOWIU","PROWADNICA","PRZECIĄGANIE RUR","PRZEKŁADKA TEKTUROWA 270X230","PRZEKŁADNIK PRĄDOWY","PRZEWÓD EKRANOWANY FI2","PRZĘSŁO 2M - OCYNKOWANE","PRZĘSŁO 2M - SUROWE","PRZYCIĘTY NA WYMAR WKŁAD DO STOJAKA","PRZYCIĘTY NA WYMIAR PRĘT","PSTRĄG ŻYWY","PSZENICA KONSUMPCYJNA","PSZENICA PASZOWA","PUSZKA FI10","RAMA STOJAKA METALOWEGO","RANT BOKU","RASTBOLZEN 600.400.01.1/4","REGRANULAT POLIETYLEN. KOLOR X","RODZINNA","ROWER","ROWER 2","ROZDZIELNICA NN SIEMENS","ROZŁADUNEK","RURA CYLINDROWA B/SZW/ 35X5 H9","RURA CYLINDROWA B/SZW/ 40X5 H9","RURA E235 D6 G1 DO CIĘCIA NA WYMIAR","RURA E235 D6 G1 DO PROSTOWANIA","RURA E235 D6 G1 DO WYŻARZANIA","RURKA KPL. GP1","RYGIEL ZWYKŁY 12VDC","SAMOZAMYKACZ GTS 2000V/2000V Z BLOKADĄ","SANDACZ ŻYWY","SEKATOR GREENMIL","SEKATOR NOŻYCOWY FISKARS","SER GOUDA","SERWATKA","SIATKA FILTRACYJNA","SILIKON SOUDAL","SILIKON TYTAN","SKRZYDŁO SENATOR","SKRZYNKA","SŁONINA","SMALEC WIEPRZOWY","SORBINIAN POTASU","SÓL MORSKA","SPIENIACZ","STALOWA PODKŁADKA SPRĘŻYSTA 23.7X18.3X2","STAND REKLAMOWY EURO","STELAŻ MONTAŻOWY","STOJAK REKLAMOWY - METALOWY","STÓŁ DĘBOWY","SUWAK B","SYROP-WIELOWOWOC","SYROP-WIELOWOWOC 1002","SYSTEMHULSE 600.400.01.1/1","SZAFA ZNOR2-ML3F/6P","SZAFKA 2.S.164311","SZPACHELKA","SZYBA ZESPOLONA","SZYLD WEW. OWALNY 35 MM PZ 92","SZYLD ZEWNĘTRZNY OWALNY SZER. 35MM PZ92","ŚCIANA TYLNIA STAND EURO2012 (KASZ.)","ŚCIANA TYLNIA STANDU","ŚMIETANA DO ZMAŚLANIA","ŚMIETANA KREMÓWKA DO KJ","ŚMIETANA KREMÓWKA LUZ","ŚMIETANKA","ŚMIETANKA DO DOJRZEWANIA","ŚMIETANKA DO HOMOGENIZACJI","ŚMIETANKA DO PASTERYZACJI","ŚMIETANKA DO SZCZEPIENIA","ŚRUBA OZDOBNA 15MM","ŚRUBA WIKING","ŚRUT METALOWY","TARCICA","TARCZA","TAŚMA STALOWA","TEKSTURAT SOJOWY","TEKTURA","TEKTURA LITA 230 G/M2","TEKTURA LITA 275 G/M2","TEKTURA LITA 290 G/M2","TELEWIZOR","TELEWIZOR 32S32T7","TELEWIZOR 40S38T7","TELEWIZOR 46S38T7","TŁOCZYSKO","TŁOK","TŁOK. CJ","TŁUSZCZ ROŚLINNY","TOŁPYGA ŻYWA","TOPPER","TORINO","TOSCANIA","TRALKA - 18X18","TRANSFORMATOR TR.20151.3","TRANSPORT","TRANSPORT MASZYNY","TRZPIEŃ 8X130","TRZPIEŃ DO BY-PASSU","TULEJKA TWORZYWOWA 22.8X18.2X5.8","TULEJKA ZNALOWA 10.4","TULEJKA ZNALOWA 9.9","TUSZ BLACK","TUSZ CYAN","UDKA Z KURCZAKA 2 SZT.","UMYWALKA OWALNA","UMYWALKA PROSTOKĄTNA","UMYWALKA Z SZAFKĄ","URZĄDZENIE_2","URZĄDZENIE_3","URZĄDZENIE_4","USZCZELKA","USZKODZONY CHWYT","USZKODZONY CHWYT DRZWIOWY","UTWARDZACZ","VELVET ROZPUSZCZALNA","W0001","W0002","W0003","W0004","WAFLE KAKAOWE 500G","WAFLE SUCHE TORTOWE 180G 5,1MM","WAŁEK MALARSKI 180","WANNA PROSTOKĄTNA","WANNA WOLNOSTOJĄCA","WANNA Z HYDROMASAŻEM","WIENIEC DL.BIAŁA 268X249X16 DE. EL011624","WIERTARKA UDAROWA","WIÓRKI KOKOSOWE","WKŁAD DO PALETKI NA SPÓD","WKŁAD DO PÓŁKI","WKRĘT DO MOCOWANIA STELAŻA","WKRĘT M5","WKRĘT PŁASKI 12MM","WKRĘTAK KRZYŻOWY","WKRĘTAK PŁASKI","WŁĄCZNIK EKSPRESU","WODA","WODA 0,66 NIEGAZ","WODA 1,25 NIEGAZ","WODA DEMI","WODOROWĘGLAN SODU","WSAD - PRĘT OKRĄGŁY C45E D90 3000 MM","WSAD - PRĘT OKRĄGŁY E235 D115 3000","WSAD - PRĘT OKRĄGŁY E235 D145 3000","WSAD - PRĘT OKRĄGŁY E235 D90 3000","WSAD - PRĘT OKRĄGŁY E255 D90 3000","WSAD - PRĘT OKRĄGŁY E355 D90 3000 MM","WSAD TRUSKAWKOWY 8%","WSKAŹNIK WŁĄCZENIA","WYKROJNIK","WYŁĄCZNIK","WYMIANA SIATKI FILTRACYJNEJ","WYMIANA ZAWORU ROZPRĘŻAJĄCEGO","WYRÓB UTRACONY","X00-00-00124-00-00068","X00-01-00075-19-00010","X00-02-00178-05-00024","X00-02-00178-05-00147","X00-02-02805-06-00001","X00-03-05066-03-00040","X00-05-00075-19-00007","X00-05-00799-03-30007","X00-05-00799-09-00004","X00-05-00888-02-00003","X00-05-01573-05-00144","X00-05-09275-01-00116","X00-05-15033-05-00002","X00-05-15033-05-00294","X00-05-15033-05-20283","X00-08-01677-01-00079","X00-09-06626-01-00040","X00-09-06626-02-00011","X00-09-06626-05-00001","X00-09-06626-05-00003","X00-10-02805-05-00008","X00-10-02805-06-00001","X00-11-02805-01-00026","X00-11-02805-03-00008","X00-12-00008-03-00035","X00-16-30545-02-00043","ZACZEP BEZPIECZEŃSTWA","ZAKWAS","ZASUWNICA","ZAWIAS DOLNY","ZAWIAS GÓRNY","ZBIORNIK NA WODĘ","ZESTAW MALARSKI MICROFIBRA BLUEDOLPHIN","ZESTAW MORRENO","ZGARY","ZGRZEWKA 12X0,66 GAZ","ZGRZEWKA 6X1,25 GAZ","ZGRZEWKA 6X1,25 GAZ 5+1","ZIARNO KAWY ARABICA","ZIARNO MASŁA","ZIARNO MASŁA DO WYGNIATANIA","ZIEMNE 38/42 ARGENTYNA","ZIEMNE 38/42 CHINY","ŻERDŹ","ŻYWICA"]},"I":"0"}
SignalR.Transports.WebSocketTransport Information: 0 : Abort(d578211d-2ad3-4bf7-972d-0dbe5a9a7230)
SignalR.Transports.TransportHeartBeat Information: 0 : Removing connection d578211d-2ad3-4bf7-972d-0dbe5a9a7230
SignalR.Transports.WebSocketTransport Information: 0 : End(d578211d-2ad3-4bf7-972d-0dbe5a9a7230)
SignalR.Transports.WebSocketTransport Verbose: 0 : DrainWrites(d578211d-2ad3-4bf7-972d-0dbe5a9a7230)
SignalR.Transports.WebSocketTransport Information: 0 : CompleteRequest (d578211d-2ad3-4bf7-972d-0dbe5a9a7230)
SignalR.Transports.WebSocketTransport Information: 0 : CloseSocket(d578211d-2ad3-4bf7-972d-0dbe5a9a7230)
SignalR.Transports.TransportHeartBeat Information: 0 : Connection 2cac0bcd-61d4-4093-bc96-a09f287e654c is New.
SignalR.Transports.WebSocketTransport Verbose: 0 : Sending outgoing message. Connection id: 2cac0bcd-61d4-4093-bc96-a09f287e654c, transport: WebSocketTransport, message: {"C":"d-F9D2CC71-B,0|G,0|H,1","S":1,"M":[]}
SignalR.Transports.WebSocketTransport Verbose: 0 : Sending outgoing message. Connection id: 2cac0bcd-61d4-4093-bc96-a09f287e654c, transport: WebSocketTransport, message: {"R":{"Suppliers":["ARSMOX MARINE","BCB","BRAKSTON","CERTINO AGROSTE","GREEN CIRCLE","JASMIX","KONSTERMPOL","RR_GRZEGORZ_MAŚLAK","RR_RAFAŁ_STACHOWIAK","STANMEXPOL","UPS","ZYX","AGROROL MAXTOP","BUDSAMTOP","CDC","CLEMONT PARIS","DEMO","FISKVINNSLA VEIDARFÉ","FREXI BURIST","FRUSTING","KIELPOL","SVGF POLAND","TARNODREW","UGRANDA"],"Warehouses":["KRK","MAG","MAG PÓŁPR","MAG SUR","MAG WGT","REKL","WMS","WMS2"],"Products":["ADAPTER PRZELOTOWY","AKCESORIA OKUWANE","AKCESORIA PAKOWANE","AKUMULATOR","ALMG3","ARABICA","ARKUSZ ALUMINIUM 240X240 CM","AROM-GREJPFR","AROM-TRUSKAWKOWY","A-Vista","BARI","BARWNIK DO TULEJEK","BATERIA UMYWALKOWA 203","BATERIA WANNOWA","BATERIA ZLEWOZMYWAKOWA","BENZYNA EKSTRAKCYJNA","BLACHA DD11 GR3MM","BLAT BIAŁY 302X292X16 LAK BIAŁY EL011621","BLAT DO STOŁU DĘBOWEGO","BLAT DO STOŁU DĘBOWEGO POLAKIEROWANY","BOK LE.BIAŁA.800X270X16 LAK BIA EL003447","BOK LEWY STANDU","BOK PR.BIAŁA.800X270X16 LAK BIA EL003446","BOK PRAWY STANDU","BRAMA ROLETOWA","BRAMA UCHYLNA","BROTHER - DCP","BUTELKA 0,5 L","BUTELKA 0,5 L.","BUTELKA 0,75 L.","BUTELKA 1,0 L.","BUTELKA Z KORKIEM","CAMPINA DUST 60X60","CANELLA STEEL490X300X10 MM","CANON - PIXMA","CEBULA SMAŻONA","CHWYT DRZWIOWY","CHWYT DRZWIOWY 1200","CHWYT DRZWIOWY 1200 DO MALOWANIA","CHWYT DRZWIOWY DO CIĘCIA","CHWYT DRZWIOWY DO MALOWANIA","CIASTO","CIĄGNIK ROLNICZY CM110GX","CIĄGNIK ROLNICZY CM135GX","CIĄGNIK ROLNICZY- ZESTAW K+O","CISOWIANKA 1,5 L","CIŚNIENIOMIERZ PRZEMYSŁOWY","CITY BUGAT 60X60 GAT.I","CYLINDER","CYLINDER TŁOKOWY - PROTOTYP","DELICJE POMARAŃCZOWE","DEMONTAŻ","DESKA DĘBOWA 150X100","DESKA DĘBOWA 150X20","DETAL - GROT","DETAL B-13.152","DETAL C-10.092","DETAL C-220","DŁUGOPIS INKJOY 300 RT","DOMOWA","DRUT NAWOJOWY OKRĄGŁY 3 MM","DRZWI UN.BIAŁA 768X296X16 LAK BIAŁY EL00","DUŻA PÓŁKA","DYSTRYBUTOR DUŻY","DYSZA CIŚNIENIOWA A3","EKOTUBA","EKSPRES DO KAWY ESPRESSO","ELEMENT WYPALAJĄCY ZIARNO","ELEMENT WZMACNIAJĄCY (BOK 1)","ELEMENT WZMACNIAJĄCY (BOK2)","EPSON - BUSINESS INKJET","EPSON - STYLUS","ESPRESSO","ESPRESSO ROZPUSZCZALNA","ETYKIETA JOGURT TRUSKAWKOWY BIEDRONKA","ETYKIETA JOGURT TRUSKAWKOWY JAGR","ETYKIETA JOGURT TRUSKAWKOWY TESCO","FAEMA E71","FARBA PANTONE 511","FARBA PROSZKOWA","FILTR POWIETRZA","FLIPCHART","FOLIA - CIASTKA","FOLIA - RĘKAW","FOLIA ALUMINIOWA LAM.","FOLIA MALARSKA 4X5","FORMA 01D","FORMA 05D","FORMA 07D","FORNIR","FRONT","GABEL 600.400.01.1/3","GALAPER 200 EC 1L","GALAPER 200 EC 5L","GALAPER STRONG - ZESTAW DUŻY","GALAPER STRONG - ZESTAW MAŁY","GALMET 20 SG 250G","GALMET 20 SG 50G","GAZ MIX ARGON","GERDA CL 1904 AX 1/360","GERDA WK M4","GERDA WK M4 Z","GŁOWICA EKSPRESU","GŁOWICA STERUJĄCA","GNIAZDO PODŁOGOWE","GNIAZDO ŚCIENNE","GRU-.DR-D-Z-000","GRU-DRZ-D-W-000","GRU-DRZ-D-W-001","GRU-DRZ-D-W-002","GRU-DRZ-D-Z-000","GRU-DRZ-D-Z-001","GRU-DRZ-D-Z-002","GRU-DRZ-D-Z-003","GRU-DRZ-D-Z-004","GRU-DRZ-D-Z-005","GRU-DRZ-D-Z-006","GRU-DRZ-D-Z-007","GRU-DRZ-D-Z-008","GRU-DRZ-D-Z-009","GRU-DRZ-D-Z-010","GRU-DRZ-D-Z-011","GRU-DRZ-D-Z-012","GRU-DRZ-D-Z-013","GRU-DRZ-D-Z-014","GRU-DRZ-D-Z-015","GRU-DRZ-D-Z-016","GRU-DRZ-D-Z-017","GRU-DRZ-D-Z-018","GRU-DRZ-D-Z-019","GRU-DRZ-D-Z-020","GRU-DRZ-D-Z-021","GRU-DRZ-D-Z-022","GRU-DRZ-D-Z-023","GRU-DRZ-D-Z-024","GRU-DRZ-D-Z-026","GRU-DRZ-D-Z-027","GRZAŁKA WODY","GULASZ WIEPRZOWY","HUELSE 600.400.01.1/2","I73349/03 UW AC 100 NEW KPL","JOGURT - MASA","JOGURT DO OCHŁODZENIA","JOGURT OCHŁODZONY","JOGURT TRUSKAWKOWY DO ETYKIETOWANIA","JOGURT TRUSKAWKOWY MASA","JUMBO ROLA - FOLIA SIATKA POLIETYLEN","JUMBO ROLA PAPIER","KABINA PRYSZNICOWA","KABINA PRYSZNICOWA DOUBLE","KALLIO TAR 490X300X10 MM","KANTÓWKA  80X60","KANTÓWKA 98X80","KARTON EKSPOZYCYJNY","KARTON PRZEWODNI NADRUK (NIESKLEJONY)","KARTON PRZEWODNI NADRUK FLEXO","KARTON WEWNĘTRZNY 9","KARTON WEWNĘTRZNY A","KARTON WEWNĘTRZNY A (NIESKLEJONY)","KARTON WEWNĘTRZNY B","KARTON WEWNĘTRZNY B (NIESKLEJONY)","KARTON WEWNĘTRZNY C","KARTON WEWNĘTRZNY C (NIESKLEJONY)","KAUCZUK NAT. TSR.","KAWA JACOBS 200G","KAWA NESCAFE CREME 200G","KIEŁBASA TORUŃSKA","KLAMKA","KLAMKA ESMERALDA","KLAMKA PELAGIA","KLAMKA RAFAELLA","KLAMKA VICTORIA","KLEJ","KLEJ DO LINII TECHN.","KLUCZ NASADOWY","KLUCZE KOMPLET","KŁÓDKA WZMOCNIONA TRZPIENIOWA","KOLBENROHR 600.400.01.1","KOŁO PRZÓD","KOŁO PRZÓD 2","KOŁO TYŁ","KOŁO TYŁ 2","KOMBINERKI","KOMPAKT WC","KOMPLET NARZĘDZI","KONCENTRAT JABŁKOWY","KONCENTRAT POMARAŃCZOWY","KONCENTRAT WIELOOWOCOWY","KOTLET SCHABOWY Z KAPUSTĄ I ZIEMNIAKAMI","KRATKA MALARSKA","KRATKA_PAST","KREM","KROCIEC GP1","KUBEK JOGURT TRUSKAWKOWY","KUBEK ŚMIETANA","KURCZAK DUŻY","KURCZAK DUŻY POW. 1,6 KG","KURCZAK GRILLOWY 1-1,2 KG","KURCZAK HANDLOWY 1,3-1,6 KG","KURCZAK HODOWLANY","KURCZAK KONFISKATY","KURCZAK PADŁY","KURCZAK POUBOJOWY","KURCZAK ŚWIEŻY KL. I","KURCZAK ŚWIEŻY KL. II","KURCZAK ŻYWY KL. I","KURCZAK ŻYWY KL. II","KURCZAK ŻYWY ZDROWY","KUREK PARY","KUWETA 18\"","KWAS SIARKOWY","KWAS-L-ASKORB","KWAŚNY WĘGLAN AMONU","KWAŚNY WĘGLAN SODU","LAKIER POLIURETANOWY DO DREWNA","LAMINAT","LIN ŻYWY","LISTEK WAFLOWY","LORD","ŁĄCZNIK METALOWY","ŁOM LISTKA WAFLOWEGO","ŁOM NADZIEWANY","ŁOM PRZEKŁADANY","ŁOM SUCHY LISTKA","ŁOSOŚ NORWESKI MROŻONY","ŁUKI","M0001","M0002","M0003","M0004","M0005","M0006","MAKRELA DO WĘDZENIA","MAKRELA MROŻONA","MAKRELA ODLODOWANA","MAKRELA PATROSZONA","MAKRELA PATROSZONA I WYPŁUKANA","MAKRELA ROZMROŻONA","MAKRELA WĘDZONA","MAKRELA WĘDZONA PAKOWANA PRÓŻNIOWO","MAKRELA WĘDZONA PAKOWANA PRÓŻNIOWO LUZ","MALOWANIE","MAŁA PÓŁKA","MARMUR","MASŁO MASA","MAŚLANKA","MATERIAŁ POMOCNICZY","MĄCZKA ORZECHOWA","MĄKA OWSIANA","MDF","MIĘSO WIEPRZOWE","MIGDAŁY","MILANO","MISKA WC WISZĄCA","MLEKO ODTŁUSZCZONE","MLEKO PASTERYZOWANE","MŁOTEK","MONTAŻ","MORRENO","NADRUK OFFSETOWY (STAND EURO2012)","NAROŻNIK ABS","NAWIERZCHNIA UV","NOGA DO STOŁU DĘBOWEGO","NOGA DO STOŁU DĘBOWEGO POLAKIEROWANA","NOWA ŚMIETANA","NÓŻ OBRĄCZKOWY METALOWY","NÓŻ TOKARSKI","OBRÓBKA CIEPLNA","OBRZEŻE BIAŁE ABS 19X1 100%","OBRZEŻE BIAŁE GŁADKIE 19X0.8","OBUDOWA EKSPRESU","OBUDOWA FAEMA E71","ODF","ODF 1A","ODF 1A + PANEL","ODF 1B","ODF 1C","ODKUWKA SPKK_80X80-18G2A-N","ODLEW_KRATKI","ODPAD NIEUŻYTKOWY","ODPAD PATROSZENIA","ODPŁYW KANALIZACYJNY","OKNO T1","OKNO T2","OLEJ HYDRAULICZNY","OLEJ PARAFINOWY","OLEJ ROŚLINNY","OLEJ RZEPAKOWY","OLEJ SPOŻYWCZY","OLEW_KRATKI","OŁÓW 1","OŁÓW 2","OPAKOWANIE NA ZESTAW NACZYŃ","OPAKOWANIE T1","OPAKOWANIE USZKODZONE","ORZECHY LASKOWE BLANSZOWANE","ORZECHY LASKOWE PRAŻONE","ORZECHY ŁUSKANE","ORZECHY WŁOSKIE","ORZECHY WŁOSKIE ŁUSKANE","ORZECHY ZIEMNE 38/42 BRAZYLIA","ORZECHY ZIEMNE KROJONE","ORZECHY ZIEMNE PRAŻONE KROJONE","OSP.C.C2","OSP.CX.LUX","PALETA","PALETKA NA SPÓD","PANEL","PAPIER","PAPIER A4 500 ARKUSZY","PAPIER A4 EKOLOGICZNY","PASTA AKUMLATOROWA -","PASTA AKUMLATOROWA +","PCV","PIASTA ROWEROWA","PIASTA ROWEROWA 2","PIEROGI Z MIĘSEM 400G","PIEROGI Z MIĘSEM OPAK-4KG","PIŁA BAHCO + KABURA","PISTACJE","PIWO CIEMNE 6,5%","PIWO JASNE 5,5%","PLACKI ZIEMNIACZANE SOLO 400G","PLATYNKA","PŁ. WIÓR. B. 16 LAK","PŁ. WIÓR. B. PLATYNOWA 16MM 2XLAM","PŁATKI OWSIANE GÓRSKIE","PŁYTA AKUMULATOROWA -","PŁYTA AKUMULATOROWA +","PŁYTA HDF SUROWA 3MM 100-0-120-000003","PŁYTA STANDARD","PŁYTA WAFLOWA","PŁYTKA - TYP AD","PŁYTKA CNMG","PŁYTKA CNMM-2","PŁYTKA CNUA","PŁYTKA DNMA","PŁYTKA -TYP AE","PŁYTKA TYP-A","PN 1: ODF 1A","PN 2: PANEL","PN 3: ODF 1B","PODKŁAD PROMOTOR UV","PODKŁADKA TWORZYWOWA 24.2X19.8X1.2","PODKŁADKA TWORZYWOWA 24.2X19.8X1.8","POJEMNIK DROBIOWY 12 KG","POM","PÓŁFABRYKAT CIASTEK WYPIECZONYCH","PÓŁKA BIAŁA 267X245X16 EL011623","PÓŁTUSZE","PREMIUM ROZPUSZCZALNA","PRĘT METALOWY 21MM","PRĘT OKRĄGŁY CIĄGNIONY D=18","PRĘT OKRĄGŁY CIĄGNIONY D=36","PRĘT OKRĄGŁY E235 D90 3000 - OBR. KOŃC.","PRĘT OKRĄGŁY E235 D90 3000 DO CIĄGNIENIA","PROFIL 18X18 3M","PROFIL 18X18 6M","PROFIL 25X15 6M","PROFIL ALUMINIOWY 3M","PROSTOWANIE RUR","PROSZEK OŁOWIU","PROWADNICA","PRZECIĄGANIE RUR","PRZEKŁADKA TEKTUROWA 270X230","PRZEKŁADNIK PRĄDOWY","PRZEWÓD EKRANOWANY FI2","PRZĘSŁO 2M - OCYNKOWANE","PRZĘSŁO 2M - SUROWE","PRZYCIĘTY NA WYMAR WKŁAD DO STOJAKA","PRZYCIĘTY NA WYMIAR PRĘT","PSTRĄG ŻYWY","PSZENICA KONSUMPCYJNA","PSZENICA PASZOWA","PUSZKA FI10","RAMA STOJAKA METALOWEGO","RANT BOKU","RASTBOLZEN 600.400.01.1/4","REGRANULAT POLIETYLEN. KOLOR X","RODZINNA","ROWER","ROWER 2","ROZDZIELNICA NN SIEMENS","ROZŁADUNEK","RURA CYLINDROWA B/SZW/ 35X5 H9","RURA CYLINDROWA B/SZW/ 40X5 H9","RURA E235 D6 G1 DO CIĘCIA NA WYMIAR","RURA E235 D6 G1 DO PROSTOWANIA","RURA E235 D6 G1 DO WYŻARZANIA","RURKA KPL. GP1","RYGIEL ZWYKŁY 12VDC","SAMOZAMYKACZ GTS 2000V/2000V Z BLOKADĄ","SANDACZ ŻYWY","SEKATOR GREENMIL","SEKATOR NOŻYCOWY FISKARS","SER GOUDA","SERWATKA","SIATKA FILTRACYJNA","SILIKON SOUDAL","SILIKON TYTAN","SKRZYDŁO SENATOR","SKRZYNKA","SŁONINA","SMALEC WIEPRZOWY","SORBINIAN POTASU","SÓL MORSKA","SPIENIACZ","STALOWA PODKŁADKA SPRĘŻYSTA 23.7X18.3X2","STAND REKLAMOWY EURO","STELAŻ MONTAŻOWY","STOJAK REKLAMOWY - METALOWY","STÓŁ DĘBOWY","SUWAK B","SYROP-WIELOWOWOC","SYROP-WIELOWOWOC 1002","SYSTEMHULSE 600.400.01.1/1","SZAFA ZNOR2-ML3F/6P","SZAFKA 2.S.164311","SZPACHELKA","SZYBA ZESPOLONA","SZYLD WEW. OWALNY 35 MM PZ 92","SZYLD ZEWNĘTRZNY OWALNY SZER. 35MM PZ92","ŚCIANA TYLNIA STAND EURO2012 (KASZ.)","ŚCIANA TYLNIA STANDU","ŚMIETANA DO ZMAŚLANIA","ŚMIETANA KREMÓWKA DO KJ","ŚMIETANA KREMÓWKA LUZ","ŚMIETANKA","ŚMIETANKA DO DOJRZEWANIA","ŚMIETANKA DO HOMOGENIZACJI","ŚMIETANKA DO PASTERYZACJI","ŚMIETANKA DO SZCZEPIENIA","ŚRUBA OZDOBNA 15MM","ŚRUBA WIKING","ŚRUT METALOWY","TARCICA","TARCZA","TAŚMA STALOWA","TEKSTURAT SOJOWY","TEKTURA","TEKTURA LITA 230 G/M2","TEKTURA LITA 275 G/M2","TEKTURA LITA 290 G/M2","TELEWIZOR","TELEWIZOR 32S32T7","TELEWIZOR 40S38T7","TELEWIZOR 46S38T7","TŁOCZYSKO","TŁOK","TŁOK. CJ","TŁUSZCZ ROŚLINNY","TOŁPYGA ŻYWA","TOPPER","TORINO","TOSCANIA","TRALKA - 18X18","TRANSFORMATOR TR.20151.3","TRANSPORT","TRANSPORT MASZYNY","TRZPIEŃ 8X130","TRZPIEŃ DO BY-PASSU","TULEJKA TWORZYWOWA 22.8X18.2X5.8","TULEJKA ZNALOWA 10.4","TULEJKA ZNALOWA 9.9","TUSZ BLACK","TUSZ CYAN","UDKA Z KURCZAKA 2 SZT.","UMYWALKA OWALNA","UMYWALKA PROSTOKĄTNA","UMYWALKA Z SZAFKĄ","URZĄDZENIE_2","URZĄDZENIE_3","URZĄDZENIE_4","USZCZELKA","USZKODZONY CHWYT","USZKODZONY CHWYT DRZWIOWY","UTWARDZACZ","VELVET ROZPUSZCZALNA","W0001","W0002","W0003","W0004","WAFLE KAKAOWE 500G","WAFLE SUCHE TORTOWE 180G 5,1MM","WAŁEK MALARSKI 180","WANNA PROSTOKĄTNA","WANNA WOLNOSTOJĄCA","WANNA Z HYDROMASAŻEM","WIENIEC DL.BIAŁA 268X249X16 DE. EL011624","WIERTARKA UDAROWA","WIÓRKI KOKOSOWE","WKŁAD DO PALETKI NA SPÓD","WKŁAD DO PÓŁKI","WKRĘT DO MOCOWANIA STELAŻA","WKRĘT M5","WKRĘT PŁASKI 12MM","WKRĘTAK KRZYŻOWY","WKRĘTAK PŁASKI","WŁĄCZNIK EKSPRESU","WODA","WODA 0,66 NIEGAZ","WODA 1,25 NIEGAZ","WODA DEMI","WODOROWĘGLAN SODU","WSAD - PRĘT OKRĄGŁY C45E D90 3000 MM","WSAD - PRĘT OKRĄGŁY E235 D115 3000","WSAD - PRĘT OKRĄGŁY E235 D145 3000","WSAD - PRĘT OKRĄGŁY E235 D90 3000","WSAD - PRĘT OKRĄGŁY E255 D90 3000","WSAD - PRĘT OKRĄGŁY E355 D90 3000 MM","WSAD TRUSKAWKOWY 8%","WSKAŹNIK WŁĄCZENIA","WYKROJNIK","WYŁĄCZNIK","WYMIANA SIATKI FILTRACYJNEJ","WYMIANA ZAWORU ROZPRĘŻAJĄCEGO","WYRÓB UTRACONY","X00-00-00124-00-00068","X00-01-00075-19-00010","X00-02-00178-05-00024","X00-02-00178-05-00147","X00-02-02805-06-00001","X00-03-05066-03-00040","X00-05-00075-19-00007","X00-05-00799-03-30007","X00-05-00799-09-00004","X00-05-00888-02-00003","X00-05-01573-05-00144","X00-05-09275-01-00116","X00-05-15033-05-00002","X00-05-15033-05-00294","X00-05-15033-05-20283","X00-08-01677-01-00079","X00-09-06626-01-00040","X00-09-06626-02-00011","X00-09-06626-05-00001","X00-09-06626-05-00003","X00-10-02805-05-00